

 training CSW nets 

/usr/licensed/anaconda3/4.4.0/lib/python3.6/site-packages/h5py/__init__.py:34: FutureWarning: Conversion of the second argument of issubdtype from `float` to `np.floating` is deprecated. In future, it will be treated as `np.float64 == np.dtype(float).type`.
  from ._conv import register_converters as _register_converters
2018-05-05 11:55:35.647788: I tensorflow/core/platform/cpu_feature_guard.cc:140] Your CPU supports instructions that this TensorFlow binary was not compiled to use: AVX2 FMA
saving to savedmodels/RNNseq2_05-05-11.55.35.637883/model-initial-05-05-11.55.35.637921
saving to savedmodels/LSTMseq2_05-05-11.55.39.457531/model-initial-05-05-11.55.39.457571

 RAND False COND False {'batch_size': 25, 'num_epochs': 50000, 'loss_op': <function mean_squared_error at 0x2ad2457c2378>} 

epoch 0.0 elapsed time 0:00:00.808310
epoch 0.01 elapsed time 0:00:00.077091
epoch 0.02 elapsed time 0:00:00.076248
epoch 0.03 elapsed time 0:00:00.076358
epoch 0.04 elapsed time 0:00:00.077878
epoch 0.05 elapsed time 0:00:00.078166
epoch 0.06 elapsed time 0:00:00.076490
epoch 0.07 elapsed time 0:00:00.075719
epoch 0.08 elapsed time 0:00:00.076301
epoch 0.09 elapsed time 0:00:00.077038
epoch 0.1 elapsed time 0:00:00.076829
epoch 0.11 elapsed time 0:00:00.079124
epoch 0.12 elapsed time 0:00:00.076876
epoch 0.13 elapsed time 0:00:00.076492
epoch 0.14 elapsed time 0:00:00.077137
epoch 0.15 elapsed time 0:00:00.076474
epoch 0.16 elapsed time 0:00:00.076912
epoch 0.17 elapsed time 0:00:00.076624
epoch 0.18 elapsed time 0:00:00.076263
epoch 0.19 elapsed time 0:00:00.076700
epoch 0.2 elapsed time 0:00:00.077506
epoch 0.21 elapsed time 0:00:00.077361
epoch 0.22 elapsed time 0:00:00.076826
epoch 0.23 elapsed time 0:00:00.076693
epoch 0.24 elapsed time 0:00:00.076683
epoch 0.25 elapsed time 0:00:00.076119
epoch 0.26 elapsed time 0:00:00.076590
epoch 0.27 elapsed time 0:00:00.076507
epoch 0.28 elapsed time 0:00:00.075312
epoch 0.29 elapsed time 0:00:00.077713
epoch 0.3 elapsed time 0:00:00.076114
epoch 0.31 elapsed time 0:00:00.076688
epoch 0.32 elapsed time 0:00:00.076692
epoch 0.33 elapsed time 0:00:00.077009
epoch 0.34 elapsed time 0:00:00.075743
epoch 0.35 elapsed time 0:00:00.075651
epoch 0.36 elapsed time 0:00:00.076148
epoch 0.37 elapsed time 0:00:00.076402
epoch 0.38 elapsed time 0:00:00.076947
epoch 0.39 elapsed time 0:00:00.076848
epoch 0.4 elapsed time 0:00:00.077156
epoch 0.41 elapsed time 0:00:00.077355
epoch 0.42 elapsed time 0:00:00.077324
epoch 0.43 elapsed time 0:00:00.077252
epoch 0.44 elapsed time 0:00:00.077056
epoch 0.45 elapsed time 0:00:00.076463
epoch 0.46 elapsed time 0:00:00.076962
epoch 0.47 elapsed time 0:00:00.077537
epoch 0.48 elapsed time 0:00:00.077161
epoch 0.49 elapsed time 0:00:00.077489
epoch 0.5 elapsed time 0:00:00.077542
epoch 0.51 elapsed time 0:00:00.076794
epoch 0.52 elapsed time 0:00:00.077570
epoch 0.53 elapsed time 0:00:00.076830
epoch 0.54 elapsed time 0:00:00.077706
epoch 0.55 elapsed time 0:00:00.076900
epoch 0.56 elapsed time 0:00:00.077439
epoch 0.57 elapsed time 0:00:00.075624
epoch 0.58 elapsed time 0:00:00.076157
epoch 0.59 elapsed time 0:00:00.077492
epoch 0.6 elapsed time 0:00:00.077082
epoch 0.61 elapsed time 0:00:00.076872
epoch 0.62 elapsed time 0:00:00.080733
epoch 0.63 elapsed time 0:00:00.076920
epoch 0.64 elapsed time 0:00:00.077223
epoch 0.65 elapsed time 0:00:00.078152
epoch 0.66 elapsed time 0:00:00.076144
epoch 0.67 elapsed time 0:00:00.076806
epoch 0.68 elapsed time 0:00:00.076734
epoch 0.69 elapsed time 0:00:00.076215
epoch 0.7 elapsed time 0:00:00.076497
epoch 0.71 elapsed time 0:00:00.076018
epoch 0.72 elapsed time 0:00:00.076679
epoch 0.73 elapsed time 0:00:00.076745
epoch 0.74 elapsed time 0:00:00.076458
epoch 0.75 elapsed time 0:00:00.077322
epoch 0.76 elapsed time 0:00:00.077535
epoch 0.77 elapsed time 0:00:00.079053
epoch 0.78 elapsed time 0:00:00.077027
epoch 0.79 elapsed time 0:00:00.076948
epoch 0.8 elapsed time 0:00:00.076894
epoch 0.81 elapsed time 0:00:00.076491
epoch 0.82 elapsed time 0:00:00.077774
epoch 0.83 elapsed time 0:00:00.077625
epoch 0.84 elapsed time 0:00:00.077825
epoch 0.85 elapsed time 0:00:00.076907
epoch 0.86 elapsed time 0:00:00.076043
epoch 0.87 elapsed time 0:00:00.077634
epoch 0.88 elapsed time 0:00:00.077245
epoch 0.89 elapsed time 0:00:00.076685
epoch 0.9 elapsed time 0:00:00.077438
epoch 0.91 elapsed time 0:00:00.078974
epoch 0.92 elapsed time 0:00:00.076119
epoch 0.93 elapsed time 0:00:00.076976
epoch 0.94 elapsed time 0:00:00.077674
epoch 0.95 elapsed time 0:00:00.078699
epoch 0.96 elapsed time 0:00:00.077844
epoch 0.97 elapsed time 0:00:00.076735
epoch 0.98 elapsed time 0:00:00.077263
epoch 0.99 elapsed time 0:00:00.076246
saving to savedmodels/RNNseq2_05-05-11.55.35.637883/model-trained-05-05-11.55.40.720523
1 0:04:23.720720
epoch 0.0 elapsed time 0:00:04.590595
epoch 0.01 elapsed time 0:00:00.132672
epoch 0.02 elapsed time 0:00:00.131983
epoch 0.03 elapsed time 0:00:00.133157
epoch 0.04 elapsed time 0:00:00.132451
epoch 0.05 elapsed time 0:00:00.134217
epoch 0.06 elapsed time 0:00:00.132178
epoch 0.07 elapsed time 0:00:00.132548
epoch 0.08 elapsed time 0:00:00.133653
epoch 0.09 elapsed time 0:00:00.130898
epoch 0.1 elapsed time 0:00:00.132989
epoch 0.11 elapsed time 0:00:00.130414
epoch 0.12 elapsed time 0:00:00.132152
epoch 0.13 elapsed time 0:00:00.129691
epoch 0.14 elapsed time 0:00:00.131399
epoch 0.15 elapsed time 0:00:00.131478
epoch 0.16 elapsed time 0:00:00.131941
epoch 0.17 elapsed time 0:00:00.132198
epoch 0.18 elapsed time 0:00:00.130792
epoch 0.19 elapsed time 0:00:00.129449
epoch 0.2 elapsed time 0:00:00.131692
epoch 0.21 elapsed time 0:00:00.131980
epoch 0.22 elapsed time 0:00:00.132055
epoch 0.23 elapsed time 0:00:00.131759
epoch 0.24 elapsed time 0:00:00.131387
epoch 0.25 elapsed time 0:00:00.131602
epoch 0.26 elapsed time 0:00:00.131966
epoch 0.27 elapsed time 0:00:00.136377
epoch 0.28 elapsed time 0:00:00.130591
epoch 0.29 elapsed time 0:00:00.131780
epoch 0.3 elapsed time 0:00:00.130987
epoch 0.31 elapsed time 0:00:00.131071
epoch 0.32 elapsed time 0:00:00.130312
epoch 0.33 elapsed time 0:00:00.130291
epoch 0.34 elapsed time 0:00:00.132999
epoch 0.35 elapsed time 0:00:00.131257
epoch 0.36 elapsed time 0:00:00.129868
epoch 0.37 elapsed time 0:00:00.131610
epoch 0.38 elapsed time 0:00:00.132881
epoch 0.39 elapsed time 0:00:00.131536
epoch 0.4 elapsed time 0:00:00.130179
epoch 0.41 elapsed time 0:00:00.131023
epoch 0.42 elapsed time 0:00:00.131574
epoch 0.43 elapsed time 0:00:00.131246
epoch 0.44 elapsed time 0:00:00.130813
epoch 0.45 elapsed time 0:00:00.132508
epoch 0.46 elapsed time 0:00:00.130507
epoch 0.47 elapsed time 0:00:00.130299
epoch 0.48 elapsed time 0:00:00.131829
epoch 0.49 elapsed time 0:00:00.130258
epoch 0.5 elapsed time 0:00:00.131459
epoch 0.51 elapsed time 0:00:00.131732
epoch 0.52 elapsed time 0:00:00.131293
epoch 0.53 elapsed time 0:00:00.133798
epoch 0.54 elapsed time 0:00:00.130885
epoch 0.55 elapsed time 0:00:00.130647
epoch 0.56 elapsed time 0:00:00.132621
epoch 0.57 elapsed time 0:00:00.132562
epoch 0.58 elapsed time 0:00:00.136456
epoch 0.59 elapsed time 0:00:00.135148
epoch 0.6 elapsed time 0:00:00.134609
epoch 0.61 elapsed time 0:00:00.130502
epoch 0.62 elapsed time 0:00:00.130091
epoch 0.63 elapsed time 0:00:00.132733
epoch 0.64 elapsed time 0:00:00.137827
epoch 0.65 elapsed time 0:00:00.130847
epoch 0.66 elapsed time 0:00:00.137319
epoch 0.67 elapsed time 0:00:00.134077
epoch 0.68 elapsed time 0:00:00.131037
epoch 0.69 elapsed time 0:00:00.133139
epoch 0.7 elapsed time 0:00:00.132779
epoch 0.71 elapsed time 0:00:00.130099
epoch 0.72 elapsed time 0:00:00.129433
epoch 0.73 elapsed time 0:00:00.132411
epoch 0.74 elapsed time 0:00:00.129691
epoch 0.75 elapsed time 0:00:00.130254
epoch 0.76 elapsed time 0:00:00.130724
epoch 0.77 elapsed time 0:00:00.130439
epoch 0.78 elapsed time 0:00:00.132902
epoch 0.79 elapsed time 0:00:00.130799
epoch 0.8 elapsed time 0:00:00.131187
epoch 0.81 elapsed time 0:00:00.130118
epoch 0.82 elapsed time 0:00:00.134301
epoch 0.83 elapsed time 0:00:00.134894
epoch 0.84 elapsed time 0:00:00.134077
epoch 0.85 elapsed time 0:00:00.131608
epoch 0.86 elapsed time 0:00:00.132019
epoch 0.87 elapsed time 0:00:00.136918
epoch 0.88 elapsed time 0:00:00.134150
epoch 0.89 elapsed time 0:00:00.129471
epoch 0.9 elapsed time 0:00:00.133881
epoch 0.91 elapsed time 0:00:00.130892
epoch 0.92 elapsed time 0:00:00.133490
epoch 0.93 elapsed time 0:00:00.129393
epoch 0.94 elapsed time 0:00:00.130542
epoch 0.95 elapsed time 0:00:00.132849
epoch 0.96 elapsed time 0:00:00.130710
epoch 0.97 elapsed time 0:00:00.132429
epoch 0.98 elapsed time 0:00:00.131128
epoch 0.99 elapsed time 0:00:00.130390
saving to savedmodels/LSTMseq2_05-05-11.55.39.457531/model-trained-05-05-12.00.04.460628
1 0:08:11.572160


GPU profiling 

gpu_serial, gpu_utilization [%], mem_utilization [%], max_memory_usage [MiB]
