

 training CSW nets 

/usr/licensed/anaconda3/4.4.0/lib/python3.6/site-packages/h5py/__init__.py:34: FutureWarning: Conversion of the second argument of issubdtype from `float` to `np.floating` is deprecated. In future, it will be treated as `np.float64 == np.dtype(float).type`.
  from ._conv import register_converters as _register_converters
2018-05-05 11:55:33.760203: I tensorflow/core/platform/cpu_feature_guard.cc:140] Your CPU supports instructions that this TensorFlow binary was not compiled to use: AVX2 FMA
saving to savedmodels/RNNseq2_05-05-11.55.33.751260/model-initial-05-05-11.55.33.751292
saving to savedmodels/LSTMseq2_05-05-11.55.37.545060/model-initial-05-05-11.55.37.545087

 RAND False COND False {'batch_size': 25, 'num_epochs': 50000, 'loss_op': <function mean_squared_error at 0x2ad2acec2378>} 

epoch 0.0 elapsed time 0:00:00.700002
epoch 0.01 elapsed time 0:00:00.076249
epoch 0.02 elapsed time 0:00:00.075942
epoch 0.03 elapsed time 0:00:00.075971
epoch 0.04 elapsed time 0:00:00.075971
epoch 0.05 elapsed time 0:00:00.076516
epoch 0.06 elapsed time 0:00:00.076956
epoch 0.07 elapsed time 0:00:00.076869
epoch 0.08 elapsed time 0:00:00.076895
epoch 0.09 elapsed time 0:00:00.076859
epoch 0.1 elapsed time 0:00:00.076048
epoch 0.11 elapsed time 0:00:00.076001
epoch 0.12 elapsed time 0:00:00.075898
epoch 0.13 elapsed time 0:00:00.075747
epoch 0.14 elapsed time 0:00:00.075568
epoch 0.15 elapsed time 0:00:00.076182
epoch 0.16 elapsed time 0:00:00.076498
epoch 0.17 elapsed time 0:00:00.076325
epoch 0.18 elapsed time 0:00:00.077260
epoch 0.19 elapsed time 0:00:00.075397
epoch 0.2 elapsed time 0:00:00.076912
epoch 0.21 elapsed time 0:00:00.076568
epoch 0.22 elapsed time 0:00:00.076756
epoch 0.23 elapsed time 0:00:00.074917
epoch 0.24 elapsed time 0:00:00.076250
epoch 0.25 elapsed time 0:00:00.076439
epoch 0.26 elapsed time 0:00:00.076986
epoch 0.27 elapsed time 0:00:00.076365
epoch 0.28 elapsed time 0:00:00.076404
epoch 0.29 elapsed time 0:00:00.076019
epoch 0.3 elapsed time 0:00:00.076060
epoch 0.31 elapsed time 0:00:00.075722
epoch 0.32 elapsed time 0:00:00.075542
epoch 0.33 elapsed time 0:00:00.075982
epoch 0.34 elapsed time 0:00:00.075530
epoch 0.35 elapsed time 0:00:00.076637
epoch 0.36 elapsed time 0:00:00.076353
epoch 0.37 elapsed time 0:00:00.076962
epoch 0.38 elapsed time 0:00:00.076692
epoch 0.39 elapsed time 0:00:00.076394
epoch 0.4 elapsed time 0:00:00.076151
epoch 0.41 elapsed time 0:00:00.077340
epoch 0.42 elapsed time 0:00:00.075729
epoch 0.43 elapsed time 0:00:00.076458
epoch 0.44 elapsed time 0:00:00.076032
epoch 0.45 elapsed time 0:00:00.078144
epoch 0.46 elapsed time 0:00:00.075920
epoch 0.47 elapsed time 0:00:00.076898
epoch 0.48 elapsed time 0:00:00.076741
epoch 0.49 elapsed time 0:00:00.076599
epoch 0.5 elapsed time 0:00:00.076636
epoch 0.51 elapsed time 0:00:00.076051
epoch 0.52 elapsed time 0:00:00.075975
epoch 0.53 elapsed time 0:00:00.076609
epoch 0.54 elapsed time 0:00:00.077931
epoch 0.55 elapsed time 0:00:00.077406
epoch 0.56 elapsed time 0:00:00.076748
epoch 0.57 elapsed time 0:00:00.076709
epoch 0.58 elapsed time 0:00:00.077320
epoch 0.59 elapsed time 0:00:00.075955
epoch 0.6 elapsed time 0:00:00.076932
epoch 0.61 elapsed time 0:00:00.076247
epoch 0.62 elapsed time 0:00:00.076529
epoch 0.63 elapsed time 0:00:00.075325
epoch 0.64 elapsed time 0:00:00.076630
epoch 0.65 elapsed time 0:00:00.075940
epoch 0.66 elapsed time 0:00:00.077401
epoch 0.67 elapsed time 0:00:00.076308
epoch 0.68 elapsed time 0:00:00.075414
epoch 0.69 elapsed time 0:00:00.075581
epoch 0.7 elapsed time 0:00:00.076575
epoch 0.71 elapsed time 0:00:00.075545
epoch 0.72 elapsed time 0:00:00.076401
epoch 0.73 elapsed time 0:00:00.075767
epoch 0.74 elapsed time 0:00:00.077194
epoch 0.75 elapsed time 0:00:00.075918
epoch 0.76 elapsed time 0:00:00.076296
epoch 0.77 elapsed time 0:00:00.076624
epoch 0.78 elapsed time 0:00:00.074616
epoch 0.79 elapsed time 0:00:00.076571
epoch 0.8 elapsed time 0:00:00.075335
epoch 0.81 elapsed time 0:00:00.075788
epoch 0.82 elapsed time 0:00:00.076160
epoch 0.83 elapsed time 0:00:00.076527
epoch 0.84 elapsed time 0:00:00.077372
epoch 0.85 elapsed time 0:00:00.077574
epoch 0.86 elapsed time 0:00:00.075754
epoch 0.87 elapsed time 0:00:00.077725
epoch 0.88 elapsed time 0:00:00.076220
epoch 0.89 elapsed time 0:00:00.075525
epoch 0.9 elapsed time 0:00:00.076394
epoch 0.91 elapsed time 0:00:00.076825
epoch 0.92 elapsed time 0:00:00.076194
epoch 0.93 elapsed time 0:00:00.076165
epoch 0.94 elapsed time 0:00:00.076447
epoch 0.95 elapsed time 0:00:00.076407
epoch 0.96 elapsed time 0:00:00.075092
epoch 0.97 elapsed time 0:00:00.075877
epoch 0.98 elapsed time 0:00:00.075419
epoch 0.99 elapsed time 0:00:00.076920
saving to savedmodels/RNNseq2_05-05-11.55.33.751260/model-trained-05-05-11.55.38.649352
1 0:04:21.438987
epoch 0.0 elapsed time 0:00:03.929038
epoch 0.01 elapsed time 0:00:00.128635
epoch 0.02 elapsed time 0:00:00.130843
epoch 0.03 elapsed time 0:00:00.129048
epoch 0.04 elapsed time 0:00:00.127598
epoch 0.05 elapsed time 0:00:00.128981
epoch 0.06 elapsed time 0:00:00.128412
epoch 0.07 elapsed time 0:00:00.130467
epoch 0.08 elapsed time 0:00:00.128984
epoch 0.09 elapsed time 0:00:00.128879
epoch 0.1 elapsed time 0:00:00.128798
epoch 0.11 elapsed time 0:00:00.128608
epoch 0.12 elapsed time 0:00:00.128691
epoch 0.13 elapsed time 0:00:00.128581
epoch 0.14 elapsed time 0:00:00.129063
epoch 0.15 elapsed time 0:00:00.128981
epoch 0.16 elapsed time 0:00:00.129332
epoch 0.17 elapsed time 0:00:00.127610
epoch 0.18 elapsed time 0:00:00.128879
epoch 0.19 elapsed time 0:00:00.129329
epoch 0.2 elapsed time 0:00:00.128231
epoch 0.21 elapsed time 0:00:00.129430
epoch 0.22 elapsed time 0:00:00.129084
epoch 0.23 elapsed time 0:00:00.128904
epoch 0.24 elapsed time 0:00:00.128499
epoch 0.25 elapsed time 0:00:00.129363
epoch 0.26 elapsed time 0:00:00.128273
epoch 0.27 elapsed time 0:00:00.127509
epoch 0.28 elapsed time 0:00:00.129687
epoch 0.29 elapsed time 0:00:00.131001
epoch 0.3 elapsed time 0:00:00.128388
epoch 0.31 elapsed time 0:00:00.128010
epoch 0.32 elapsed time 0:00:00.128195
epoch 0.33 elapsed time 0:00:00.129786
epoch 0.34 elapsed time 0:00:00.127796
epoch 0.35 elapsed time 0:00:00.127172
epoch 0.36 elapsed time 0:00:00.129077
epoch 0.37 elapsed time 0:00:00.126461
epoch 0.38 elapsed time 0:00:00.126540
epoch 0.39 elapsed time 0:00:00.127904
epoch 0.4 elapsed time 0:00:00.129844
epoch 0.41 elapsed time 0:00:00.127722
epoch 0.42 elapsed time 0:00:00.128942
epoch 0.43 elapsed time 0:00:00.125741
epoch 0.44 elapsed time 0:00:00.127224
epoch 0.45 elapsed time 0:00:00.128382
epoch 0.46 elapsed time 0:00:00.127923
epoch 0.47 elapsed time 0:00:00.127249
epoch 0.48 elapsed time 0:00:00.126995
epoch 0.49 elapsed time 0:00:00.126916
epoch 0.5 elapsed time 0:00:00.126083
epoch 0.51 elapsed time 0:00:00.127465
epoch 0.52 elapsed time 0:00:00.127786
epoch 0.53 elapsed time 0:00:00.128300
epoch 0.54 elapsed time 0:00:00.129692
epoch 0.55 elapsed time 0:00:00.126324
epoch 0.56 elapsed time 0:00:00.127529
epoch 0.57 elapsed time 0:00:00.129243
epoch 0.58 elapsed time 0:00:00.127351
epoch 0.59 elapsed time 0:00:00.127304
epoch 0.6 elapsed time 0:00:00.127884
epoch 0.61 elapsed time 0:00:00.126952
epoch 0.62 elapsed time 0:00:00.127438
epoch 0.63 elapsed time 0:00:00.129691
epoch 0.64 elapsed time 0:00:00.127349
epoch 0.65 elapsed time 0:00:00.128939
epoch 0.66 elapsed time 0:00:00.128821
epoch 0.67 elapsed time 0:00:00.127584
epoch 0.68 elapsed time 0:00:00.126622
epoch 0.69 elapsed time 0:00:00.127131
epoch 0.7 elapsed time 0:00:00.128123
epoch 0.71 elapsed time 0:00:00.128184
epoch 0.72 elapsed time 0:00:00.127484
epoch 0.73 elapsed time 0:00:00.127543
epoch 0.74 elapsed time 0:00:00.128205
epoch 0.75 elapsed time 0:00:00.127884
epoch 0.76 elapsed time 0:00:00.127440
epoch 0.77 elapsed time 0:00:00.130378
epoch 0.78 elapsed time 0:00:00.128299
epoch 0.79 elapsed time 0:00:00.127634
epoch 0.8 elapsed time 0:00:00.128420
epoch 0.81 elapsed time 0:00:00.127935
epoch 0.82 elapsed time 0:00:00.126719
epoch 0.83 elapsed time 0:00:00.127313
epoch 0.84 elapsed time 0:00:00.127267
epoch 0.85 elapsed time 0:00:00.128193
epoch 0.86 elapsed time 0:00:00.127261
epoch 0.87 elapsed time 0:00:00.128512
epoch 0.88 elapsed time 0:00:00.128505
epoch 0.89 elapsed time 0:00:00.126807
epoch 0.9 elapsed time 0:00:00.128933
epoch 0.91 elapsed time 0:00:00.128811
epoch 0.92 elapsed time 0:00:00.128934
epoch 0.93 elapsed time 0:00:00.130909
epoch 0.94 elapsed time 0:00:00.126893
epoch 0.95 elapsed time 0:00:00.130339
epoch 0.96 elapsed time 0:00:00.127903
epoch 0.97 elapsed time 0:00:00.126946
epoch 0.98 elapsed time 0:00:00.127585
epoch 0.99 elapsed time 0:00:00.128569
saving to savedmodels/LSTMseq2_05-05-11.55.37.545060/model-trained-05-05-12.00.00.106892
1 0:07:57.322976


GPU profiling 

gpu_serial, gpu_utilization [%], mem_utilization [%], max_memory_usage [MiB]
