

 training CSW nets 

/usr/licensed/anaconda3/4.4.0/lib/python3.6/site-packages/h5py/__init__.py:34: FutureWarning: Conversion of the second argument of issubdtype from `float` to `np.floating` is deprecated. In future, it will be treated as `np.float64 == np.dtype(float).type`.
  from ._conv import register_converters as _register_converters
2018-05-05 11:55:35.684976: I tensorflow/core/platform/cpu_feature_guard.cc:140] Your CPU supports instructions that this TensorFlow binary was not compiled to use: AVX2 FMA
saving to savedmodels/RNNseq2_05-05-11.55.35.675374/model-initial-05-05-11.55.35.675407
saving to savedmodels/LSTMseq2_05-05-11.55.39.573259/model-initial-05-05-11.55.39.573297

 RAND False COND False {'batch_size': 25, 'num_epochs': 50000, 'loss_op': <function mean_squared_error at 0x2b0a53b08378>} 

epoch 0.0 elapsed time 0:00:00.810518
epoch 0.01 elapsed time 0:00:00.076288
epoch 0.02 elapsed time 0:00:00.075018
epoch 0.03 elapsed time 0:00:00.075365
epoch 0.04 elapsed time 0:00:00.076711
epoch 0.05 elapsed time 0:00:00.075906
epoch 0.06 elapsed time 0:00:00.074822
epoch 0.07 elapsed time 0:00:00.075142
epoch 0.08 elapsed time 0:00:00.076100
epoch 0.09 elapsed time 0:00:00.075258
epoch 0.1 elapsed time 0:00:00.073972
epoch 0.11 elapsed time 0:00:00.076114
epoch 0.12 elapsed time 0:00:00.075271
epoch 0.13 elapsed time 0:00:00.076949
epoch 0.14 elapsed time 0:00:00.075005
epoch 0.15 elapsed time 0:00:00.076850
epoch 0.16 elapsed time 0:00:00.076047
epoch 0.17 elapsed time 0:00:00.075049
epoch 0.18 elapsed time 0:00:00.074810
epoch 0.19 elapsed time 0:00:00.074567
epoch 0.2 elapsed time 0:00:00.075066
epoch 0.21 elapsed time 0:00:00.075277
epoch 0.22 elapsed time 0:00:00.075316
epoch 0.23 elapsed time 0:00:00.074690
epoch 0.24 elapsed time 0:00:00.074499
epoch 0.25 elapsed time 0:00:00.077157
epoch 0.26 elapsed time 0:00:00.075017
epoch 0.27 elapsed time 0:00:00.075655
epoch 0.28 elapsed time 0:00:00.076009
epoch 0.29 elapsed time 0:00:00.075805
epoch 0.3 elapsed time 0:00:00.077264
epoch 0.31 elapsed time 0:00:00.076374
epoch 0.32 elapsed time 0:00:00.076625
epoch 0.33 elapsed time 0:00:00.074491
epoch 0.34 elapsed time 0:00:00.074686
epoch 0.35 elapsed time 0:00:00.076326
epoch 0.36 elapsed time 0:00:00.076993
epoch 0.37 elapsed time 0:00:00.075972
epoch 0.38 elapsed time 0:00:00.076560
epoch 0.39 elapsed time 0:00:00.075019
epoch 0.4 elapsed time 0:00:00.076284
epoch 0.41 elapsed time 0:00:00.075978
epoch 0.42 elapsed time 0:00:00.075835
epoch 0.43 elapsed time 0:00:00.074095
epoch 0.44 elapsed time 0:00:00.075793
epoch 0.45 elapsed time 0:00:00.076344
epoch 0.46 elapsed time 0:00:00.075160
epoch 0.47 elapsed time 0:00:00.075898
epoch 0.48 elapsed time 0:00:00.077617
epoch 0.49 elapsed time 0:00:00.075845
epoch 0.5 elapsed time 0:00:00.076271
epoch 0.51 elapsed time 0:00:00.076784
epoch 0.52 elapsed time 0:00:00.076300
epoch 0.53 elapsed time 0:00:00.080078
epoch 0.54 elapsed time 0:00:00.075554
epoch 0.55 elapsed time 0:00:00.076836
epoch 0.56 elapsed time 0:00:00.075987
epoch 0.57 elapsed time 0:00:00.076302
epoch 0.58 elapsed time 0:00:00.076452
epoch 0.59 elapsed time 0:00:00.075452
epoch 0.6 elapsed time 0:00:00.075367
epoch 0.61 elapsed time 0:00:00.076377
epoch 0.62 elapsed time 0:00:00.076406
epoch 0.63 elapsed time 0:00:00.075751
epoch 0.64 elapsed time 0:00:00.075660
epoch 0.65 elapsed time 0:00:00.075671
epoch 0.66 elapsed time 0:00:00.076740
epoch 0.67 elapsed time 0:00:00.075359
epoch 0.68 elapsed time 0:00:00.075840
epoch 0.69 elapsed time 0:00:00.073408
epoch 0.7 elapsed time 0:00:00.076520
epoch 0.71 elapsed time 0:00:00.076387
epoch 0.72 elapsed time 0:00:00.076087
epoch 0.73 elapsed time 0:00:00.076227
epoch 0.74 elapsed time 0:00:00.075624
epoch 0.75 elapsed time 0:00:00.075402
epoch 0.76 elapsed time 0:00:00.075338
epoch 0.77 elapsed time 0:00:00.076633
epoch 0.78 elapsed time 0:00:00.077479
epoch 0.79 elapsed time 0:00:00.075552
epoch 0.8 elapsed time 0:00:00.074848
epoch 0.81 elapsed time 0:00:00.077814
epoch 0.82 elapsed time 0:00:00.076160
epoch 0.83 elapsed time 0:00:00.075646
epoch 0.84 elapsed time 0:00:00.075913
epoch 0.85 elapsed time 0:00:00.076366
epoch 0.86 elapsed time 0:00:00.075723
epoch 0.87 elapsed time 0:00:00.075980
epoch 0.88 elapsed time 0:00:00.077097
epoch 0.89 elapsed time 0:00:00.076282
epoch 0.9 elapsed time 0:00:00.076003
epoch 0.91 elapsed time 0:00:00.076061
epoch 0.92 elapsed time 0:00:00.075293
epoch 0.93 elapsed time 0:00:00.076191
epoch 0.94 elapsed time 0:00:00.076957
epoch 0.95 elapsed time 0:00:00.075585
epoch 0.96 elapsed time 0:00:00.077198
epoch 0.97 elapsed time 0:00:00.076250
epoch 0.98 elapsed time 0:00:00.075953
epoch 0.99 elapsed time 0:00:00.075843
saving to savedmodels/RNNseq2_05-05-11.55.35.675374/model-trained-05-05-11.55.40.826002
1 0:04:21.933384
epoch 0.0 elapsed time 0:00:04.656405
epoch 0.01 elapsed time 0:00:00.131055
epoch 0.02 elapsed time 0:00:00.131904
epoch 0.03 elapsed time 0:00:00.129738
epoch 0.04 elapsed time 0:00:00.129963
epoch 0.05 elapsed time 0:00:00.129022
epoch 0.06 elapsed time 0:00:00.131043
epoch 0.07 elapsed time 0:00:00.131664
epoch 0.08 elapsed time 0:00:00.129774
epoch 0.09 elapsed time 0:00:00.131080
epoch 0.1 elapsed time 0:00:00.130661
epoch 0.11 elapsed time 0:00:00.130853
epoch 0.12 elapsed time 0:00:00.130763
epoch 0.13 elapsed time 0:00:00.132266
epoch 0.14 elapsed time 0:00:00.129855
epoch 0.15 elapsed time 0:00:00.129738
epoch 0.16 elapsed time 0:00:00.131442
epoch 0.17 elapsed time 0:00:00.130352
epoch 0.18 elapsed time 0:00:00.130116
epoch 0.19 elapsed time 0:00:00.128927
epoch 0.2 elapsed time 0:00:00.129667
epoch 0.21 elapsed time 0:00:00.130222
epoch 0.22 elapsed time 0:00:00.129965
epoch 0.23 elapsed time 0:00:00.129958
epoch 0.24 elapsed time 0:00:00.129595
epoch 0.25 elapsed time 0:00:00.130619
epoch 0.26 elapsed time 0:00:00.131864
epoch 0.27 elapsed time 0:00:00.129519
epoch 0.28 elapsed time 0:00:00.128936
epoch 0.29 elapsed time 0:00:00.129371
epoch 0.3 elapsed time 0:00:00.127714
epoch 0.31 elapsed time 0:00:00.130240
epoch 0.32 elapsed time 0:00:00.129166
epoch 0.33 elapsed time 0:00:00.129638
epoch 0.34 elapsed time 0:00:00.129150
epoch 0.35 elapsed time 0:00:00.129519
epoch 0.36 elapsed time 0:00:00.129527
epoch 0.37 elapsed time 0:00:00.130263
epoch 0.38 elapsed time 0:00:00.130101
epoch 0.39 elapsed time 0:00:00.131227
epoch 0.4 elapsed time 0:00:00.129436
epoch 0.41 elapsed time 0:00:00.130067
epoch 0.42 elapsed time 0:00:00.131139
epoch 0.43 elapsed time 0:00:00.130240
epoch 0.44 elapsed time 0:00:00.129387
epoch 0.45 elapsed time 0:00:00.130965
epoch 0.46 elapsed time 0:00:00.132464
epoch 0.47 elapsed time 0:00:00.128782
epoch 0.48 elapsed time 0:00:00.132075
epoch 0.49 elapsed time 0:00:00.130645
epoch 0.5 elapsed time 0:00:00.131211
epoch 0.51 elapsed time 0:00:00.130379
epoch 0.52 elapsed time 0:00:00.129750
epoch 0.53 elapsed time 0:00:00.130648
epoch 0.54 elapsed time 0:00:00.129472
epoch 0.55 elapsed time 0:00:00.133362
epoch 0.56 elapsed time 0:00:00.129252
epoch 0.57 elapsed time 0:00:00.129829
epoch 0.58 elapsed time 0:00:00.131171
epoch 0.59 elapsed time 0:00:00.131437
epoch 0.6 elapsed time 0:00:00.129895
epoch 0.61 elapsed time 0:00:00.130938
epoch 0.62 elapsed time 0:00:00.130714
epoch 0.63 elapsed time 0:00:00.130351
epoch 0.64 elapsed time 0:00:00.129520
epoch 0.65 elapsed time 0:00:00.130587
epoch 0.66 elapsed time 0:00:00.130959
epoch 0.67 elapsed time 0:00:00.129046
epoch 0.68 elapsed time 0:00:00.133260
epoch 0.69 elapsed time 0:00:00.130190
epoch 0.7 elapsed time 0:00:00.132073
epoch 0.71 elapsed time 0:00:00.130630
epoch 0.72 elapsed time 0:00:00.129651
epoch 0.73 elapsed time 0:00:00.128563
epoch 0.74 elapsed time 0:00:00.131445
epoch 0.75 elapsed time 0:00:00.128572
epoch 0.76 elapsed time 0:00:00.129065
epoch 0.77 elapsed time 0:00:00.130316
epoch 0.78 elapsed time 0:00:00.128762
epoch 0.79 elapsed time 0:00:00.127214
epoch 0.8 elapsed time 0:00:00.130025
epoch 0.81 elapsed time 0:00:00.130223
epoch 0.82 elapsed time 0:00:00.131412
epoch 0.83 elapsed time 0:00:00.127418
epoch 0.84 elapsed time 0:00:00.129471
epoch 0.85 elapsed time 0:00:00.133404
epoch 0.86 elapsed time 0:00:00.128248
epoch 0.87 elapsed time 0:00:00.130271
epoch 0.88 elapsed time 0:00:00.128708
epoch 0.89 elapsed time 0:00:00.129376
epoch 0.9 elapsed time 0:00:00.127927
epoch 0.91 elapsed time 0:00:00.128972
epoch 0.92 elapsed time 0:00:00.127937
epoch 0.93 elapsed time 0:00:00.128338
epoch 0.94 elapsed time 0:00:00.129755
epoch 0.95 elapsed time 0:00:00.130576
epoch 0.96 elapsed time 0:00:00.129734
epoch 0.97 elapsed time 0:00:00.130244
epoch 0.98 elapsed time 0:00:00.129051
epoch 0.99 elapsed time 0:00:00.128753
saving to savedmodels/LSTMseq2_05-05-11.55.39.573259/model-trained-05-05-12.00.02.779552
1 0:08:11.607185


GPU profiling 

gpu_serial, gpu_utilization [%], mem_utilization [%], max_memory_usage [MiB]
