

 training CSW nets 

/usr/licensed/anaconda3/4.4.0/lib/python3.6/site-packages/h5py/__init__.py:34: FutureWarning: Conversion of the second argument of issubdtype from `float` to `np.floating` is deprecated. In future, it will be treated as `np.float64 == np.dtype(float).type`.
  from ._conv import register_converters as _register_converters
2018-05-05 11:55:46.395867: I tensorflow/core/platform/cpu_feature_guard.cc:140] Your CPU supports instructions that this TensorFlow binary was not compiled to use: AVX2 FMA
saving to savedmodels/RNNseq2_05-05-11.55.46.386957/model-initial-05-05-11.55.46.386987
saving to savedmodels/LSTMseq2_05-05-11.55.49.687916/model-initial-05-05-11.55.49.687945

 RAND False COND False {'batch_size': 25, 'num_epochs': 50000, 'loss_op': <function mean_squared_error at 0x2af1d9682378>} 

epoch 0.0 elapsed time 0:00:00.704604
epoch 0.01 elapsed time 0:00:00.081771
epoch 0.02 elapsed time 0:00:00.081023
epoch 0.03 elapsed time 0:00:00.080846
epoch 0.04 elapsed time 0:00:00.083494
epoch 0.05 elapsed time 0:00:00.084703
epoch 0.06 elapsed time 0:00:00.082941
epoch 0.07 elapsed time 0:00:00.081351
epoch 0.08 elapsed time 0:00:00.082633
epoch 0.09 elapsed time 0:00:00.084258
epoch 0.1 elapsed time 0:00:00.082141
epoch 0.11 elapsed time 0:00:00.082265
epoch 0.12 elapsed time 0:00:00.083362
epoch 0.13 elapsed time 0:00:00.082487
epoch 0.14 elapsed time 0:00:00.083198
epoch 0.15 elapsed time 0:00:00.084201
epoch 0.16 elapsed time 0:00:00.081591
epoch 0.17 elapsed time 0:00:00.082078
epoch 0.18 elapsed time 0:00:00.081386
epoch 0.19 elapsed time 0:00:00.083633
epoch 0.2 elapsed time 0:00:00.082804
epoch 0.21 elapsed time 0:00:00.081605
epoch 0.22 elapsed time 0:00:00.081587
epoch 0.23 elapsed time 0:00:00.086527
epoch 0.24 elapsed time 0:00:00.081190
epoch 0.25 elapsed time 0:00:00.081046
epoch 0.26 elapsed time 0:00:00.081850
epoch 0.27 elapsed time 0:00:00.081906
epoch 0.28 elapsed time 0:00:00.081202
epoch 0.29 elapsed time 0:00:00.084227
epoch 0.3 elapsed time 0:00:00.081677
epoch 0.31 elapsed time 0:00:00.083297
epoch 0.32 elapsed time 0:00:00.081285
epoch 0.33 elapsed time 0:00:00.082649
epoch 0.34 elapsed time 0:00:00.081787
epoch 0.35 elapsed time 0:00:00.081171
epoch 0.36 elapsed time 0:00:00.083575
epoch 0.37 elapsed time 0:00:00.082862
epoch 0.38 elapsed time 0:00:00.082439
epoch 0.39 elapsed time 0:00:00.081813
epoch 0.4 elapsed time 0:00:00.081711
epoch 0.41 elapsed time 0:00:00.082435
epoch 0.42 elapsed time 0:00:00.078695
epoch 0.43 elapsed time 0:00:00.079438
epoch 0.44 elapsed time 0:00:00.081411
epoch 0.45 elapsed time 0:00:00.083922
epoch 0.46 elapsed time 0:00:00.080434
epoch 0.47 elapsed time 0:00:00.082067
epoch 0.48 elapsed time 0:00:00.081362
epoch 0.49 elapsed time 0:00:00.080303
epoch 0.5 elapsed time 0:00:00.082768
epoch 0.51 elapsed time 0:00:00.086131
epoch 0.52 elapsed time 0:00:00.081783
epoch 0.53 elapsed time 0:00:00.082021
epoch 0.54 elapsed time 0:00:00.083300
epoch 0.55 elapsed time 0:00:00.082490
epoch 0.56 elapsed time 0:00:00.083710
epoch 0.57 elapsed time 0:00:00.082964
epoch 0.58 elapsed time 0:00:00.082640
epoch 0.59 elapsed time 0:00:00.081117
epoch 0.6 elapsed time 0:00:00.082168
epoch 0.61 elapsed time 0:00:00.082450
epoch 0.62 elapsed time 0:00:00.088257
epoch 0.63 elapsed time 0:00:00.088593
epoch 0.64 elapsed time 0:00:00.080564
epoch 0.65 elapsed time 0:00:00.082057
epoch 0.66 elapsed time 0:00:00.079938
epoch 0.67 elapsed time 0:00:00.081509
epoch 0.68 elapsed time 0:00:00.081919
epoch 0.69 elapsed time 0:00:00.082692
epoch 0.7 elapsed time 0:00:00.081864
epoch 0.71 elapsed time 0:00:00.082276
epoch 0.72 elapsed time 0:00:00.082056
epoch 0.73 elapsed time 0:00:00.081817
epoch 0.74 elapsed time 0:00:00.087151
epoch 0.75 elapsed time 0:00:00.081220
epoch 0.76 elapsed time 0:00:00.082998
epoch 0.77 elapsed time 0:00:00.082262
epoch 0.78 elapsed time 0:00:00.081184
epoch 0.79 elapsed time 0:00:00.083212
epoch 0.8 elapsed time 0:00:00.083347
epoch 0.81 elapsed time 0:00:00.084001
epoch 0.82 elapsed time 0:00:00.083084
epoch 0.83 elapsed time 0:00:00.082474
epoch 0.84 elapsed time 0:00:00.081134
epoch 0.85 elapsed time 0:00:00.082065
epoch 0.86 elapsed time 0:00:00.081562
epoch 0.87 elapsed time 0:00:00.080755
epoch 0.88 elapsed time 0:00:00.081375
epoch 0.89 elapsed time 0:00:00.081718
epoch 0.9 elapsed time 0:00:00.081112
epoch 0.91 elapsed time 0:00:00.082373
epoch 0.92 elapsed time 0:00:00.081002
epoch 0.93 elapsed time 0:00:00.082074
epoch 0.94 elapsed time 0:00:00.084197
epoch 0.95 elapsed time 0:00:00.086656
epoch 0.96 elapsed time 0:00:00.083003
epoch 0.97 elapsed time 0:00:00.079867
epoch 0.98 elapsed time 0:00:00.081984
epoch 0.99 elapsed time 0:00:00.080259
saving to savedmodels/RNNseq2_05-05-11.55.46.386957/model-trained-05-05-11.55.50.776199
1 0:04:52.299233
epoch 0.0 elapsed time 0:00:03.661693
epoch 0.01 elapsed time 0:00:00.163155
epoch 0.02 elapsed time 0:00:00.161006
epoch 0.03 elapsed time 0:00:00.162405
epoch 0.04 elapsed time 0:00:00.165398
epoch 0.05 elapsed time 0:00:00.157724
epoch 0.06 elapsed time 0:00:00.162825
epoch 0.07 elapsed time 0:00:00.160042
epoch 0.08 elapsed time 0:00:00.161937
epoch 0.09 elapsed time 0:00:00.161374
epoch 0.1 elapsed time 0:00:00.162373
epoch 0.11 elapsed time 0:00:00.164100
epoch 0.12 elapsed time 0:00:00.162726
epoch 0.13 elapsed time 0:00:00.160423
epoch 0.14 elapsed time 0:00:00.162174
epoch 0.15 elapsed time 0:00:00.161008
epoch 0.16 elapsed time 0:00:00.163077
epoch 0.17 elapsed time 0:00:00.164975
epoch 0.18 elapsed time 0:00:00.165669
epoch 0.19 elapsed time 0:00:00.166267
epoch 0.2 elapsed time 0:00:00.164915
epoch 0.21 elapsed time 0:00:00.166108
epoch 0.22 elapsed time 0:00:00.163410
epoch 0.23 elapsed time 0:00:00.163062
epoch 0.24 elapsed time 0:00:00.163810
epoch 0.25 elapsed time 0:00:00.160854
epoch 0.26 elapsed time 0:00:00.162472
epoch 0.27 elapsed time 0:00:00.161789
epoch 0.28 elapsed time 0:00:00.161082
epoch 0.29 elapsed time 0:00:00.160499
epoch 0.3 elapsed time 0:00:00.165097
epoch 0.31 elapsed time 0:00:00.164404
epoch 0.32 elapsed time 0:00:00.160308
epoch 0.33 elapsed time 0:00:00.163952
epoch 0.34 elapsed time 0:00:00.162215
epoch 0.35 elapsed time 0:00:00.161509
epoch 0.36 elapsed time 0:00:00.167410
epoch 0.37 elapsed time 0:00:00.164498
epoch 0.38 elapsed time 0:00:00.166959
epoch 0.39 elapsed time 0:00:00.165492
epoch 0.4 elapsed time 0:00:00.161683
epoch 0.41 elapsed time 0:00:00.165064
epoch 0.42 elapsed time 0:00:00.161387
epoch 0.43 elapsed time 0:00:00.161280
epoch 0.44 elapsed time 0:00:00.162578
epoch 0.45 elapsed time 0:00:00.162132
epoch 0.46 elapsed time 0:00:00.160504
epoch 0.47 elapsed time 0:00:00.164137
epoch 0.48 elapsed time 0:00:00.164279
epoch 0.49 elapsed time 0:00:00.159706
epoch 0.5 elapsed time 0:00:00.168275
epoch 0.51 elapsed time 0:00:00.162160
epoch 0.52 elapsed time 0:00:00.165442
epoch 0.53 elapsed time 0:00:00.162532
epoch 0.54 elapsed time 0:00:00.160530
epoch 0.55 elapsed time 0:00:00.163003
epoch 0.56 elapsed time 0:00:00.163031
epoch 0.57 elapsed time 0:00:00.161579
epoch 0.58 elapsed time 0:00:00.162262
epoch 0.59 elapsed time 0:00:00.162200
epoch 0.6 elapsed time 0:00:00.162292
epoch 0.61 elapsed time 0:00:00.162669
epoch 0.62 elapsed time 0:00:00.161395
epoch 0.63 elapsed time 0:00:00.161869
epoch 0.64 elapsed time 0:00:00.158897
epoch 0.65 elapsed time 0:00:00.164730
epoch 0.66 elapsed time 0:00:00.160441
epoch 0.67 elapsed time 0:00:00.165357
epoch 0.68 elapsed time 0:00:00.165938
epoch 0.69 elapsed time 0:00:00.160591
epoch 0.7 elapsed time 0:00:00.163471
epoch 0.71 elapsed time 0:00:00.160774
epoch 0.72 elapsed time 0:00:00.161492
epoch 0.73 elapsed time 0:00:00.161716
epoch 0.74 elapsed time 0:00:00.160753
epoch 0.75 elapsed time 0:00:00.163701
epoch 0.76 elapsed time 0:00:00.162488
epoch 0.77 elapsed time 0:00:00.161214
epoch 0.78 elapsed time 0:00:00.159297
epoch 0.79 elapsed time 0:00:00.160791
epoch 0.8 elapsed time 0:00:00.156200
epoch 0.81 elapsed time 0:00:00.156064
epoch 0.82 elapsed time 0:00:00.162232
epoch 0.83 elapsed time 0:00:00.160214
epoch 0.84 elapsed time 0:00:00.156687
epoch 0.85 elapsed time 0:00:00.160436
epoch 0.86 elapsed time 0:00:00.156559
epoch 0.87 elapsed time 0:00:00.165943
epoch 0.88 elapsed time 0:00:00.159871
epoch 0.89 elapsed time 0:00:00.158264
epoch 0.9 elapsed time 0:00:00.159617
epoch 0.91 elapsed time 0:00:00.158862
epoch 0.92 elapsed time 0:00:00.160249
epoch 0.93 elapsed time 0:00:00.162505
epoch 0.94 elapsed time 0:00:00.157889
epoch 0.95 elapsed time 0:00:00.157981
epoch 0.96 elapsed time 0:00:00.164768
epoch 0.97 elapsed time 0:00:00.162928
epoch 0.98 elapsed time 0:00:00.161470
epoch 0.99 elapsed time 0:00:00.163886
saving to savedmodels/LSTMseq2_05-05-11.55.49.687916/model-trained-05-05-12.00.43.093992
1 0:10:16.407686


GPU profiling 

gpu_serial, gpu_utilization [%], mem_utilization [%], max_memory_usage [MiB]
