

 training CSW nets 

/usr/licensed/anaconda3/4.4.0/lib/python3.6/site-packages/h5py/__init__.py:34: FutureWarning: Conversion of the second argument of issubdtype from `float` to `np.floating` is deprecated. In future, it will be treated as `np.float64 == np.dtype(float).type`.
  from ._conv import register_converters as _register_converters
2018-05-05 11:55:46.985270: I tensorflow/core/platform/cpu_feature_guard.cc:140] Your CPU supports instructions that this TensorFlow binary was not compiled to use: AVX2 FMA
saving to savedmodels/RNNseq2_05-05-11.55.46.976788/model-initial-05-05-11.55.46.976817
saving to savedmodels/LSTMseq2_05-05-11.55.50.452045/model-initial-05-05-11.55.50.452075

 RAND False COND False {'batch_size': 25, 'num_epochs': 50000, 'loss_op': <function mean_squared_error at 0x2b3ee5182378>} 

epoch 0.0 elapsed time 0:00:00.675399
epoch 0.01 elapsed time 0:00:00.084061
epoch 0.02 elapsed time 0:00:00.080864
epoch 0.03 elapsed time 0:00:00.082375
epoch 0.04 elapsed time 0:00:00.083226
epoch 0.05 elapsed time 0:00:00.083142
epoch 0.06 elapsed time 0:00:00.083507
epoch 0.07 elapsed time 0:00:00.082655
epoch 0.08 elapsed time 0:00:00.081921
epoch 0.09 elapsed time 0:00:00.082617
epoch 0.1 elapsed time 0:00:00.081386
epoch 0.11 elapsed time 0:00:00.082320
epoch 0.12 elapsed time 0:00:00.081226
epoch 0.13 elapsed time 0:00:00.082168
epoch 0.14 elapsed time 0:00:00.081305
epoch 0.15 elapsed time 0:00:00.084035
epoch 0.16 elapsed time 0:00:00.082246
epoch 0.17 elapsed time 0:00:00.083157
epoch 0.18 elapsed time 0:00:00.084784
epoch 0.19 elapsed time 0:00:00.084898
epoch 0.2 elapsed time 0:00:00.085821
epoch 0.21 elapsed time 0:00:00.084083
epoch 0.22 elapsed time 0:00:00.081631
epoch 0.23 elapsed time 0:00:00.082403
epoch 0.24 elapsed time 0:00:00.080892
epoch 0.25 elapsed time 0:00:00.084735
epoch 0.26 elapsed time 0:00:00.083816
epoch 0.27 elapsed time 0:00:00.081584
epoch 0.28 elapsed time 0:00:00.081935
epoch 0.29 elapsed time 0:00:00.082692
epoch 0.3 elapsed time 0:00:00.081775
epoch 0.31 elapsed time 0:00:00.081661
epoch 0.32 elapsed time 0:00:00.083475
epoch 0.33 elapsed time 0:00:00.082060
epoch 0.34 elapsed time 0:00:00.082961
epoch 0.35 elapsed time 0:00:00.081151
epoch 0.36 elapsed time 0:00:00.079687
epoch 0.37 elapsed time 0:00:00.082130
epoch 0.38 elapsed time 0:00:00.083414
epoch 0.39 elapsed time 0:00:00.082522
epoch 0.4 elapsed time 0:00:00.081437
epoch 0.41 elapsed time 0:00:00.081637
epoch 0.42 elapsed time 0:00:00.083445
epoch 0.43 elapsed time 0:00:00.082551
epoch 0.44 elapsed time 0:00:00.081708
epoch 0.45 elapsed time 0:00:00.082593
epoch 0.46 elapsed time 0:00:00.082034
epoch 0.47 elapsed time 0:00:00.081816
epoch 0.48 elapsed time 0:00:00.083129
epoch 0.49 elapsed time 0:00:00.087080
epoch 0.5 elapsed time 0:00:00.082126
epoch 0.51 elapsed time 0:00:00.081173
epoch 0.52 elapsed time 0:00:00.080522
epoch 0.53 elapsed time 0:00:00.083382
epoch 0.54 elapsed time 0:00:00.081662
epoch 0.55 elapsed time 0:00:00.082589
epoch 0.56 elapsed time 0:00:00.081979
epoch 0.57 elapsed time 0:00:00.083549
epoch 0.58 elapsed time 0:00:00.080787
epoch 0.59 elapsed time 0:00:00.089533
epoch 0.6 elapsed time 0:00:00.081029
epoch 0.61 elapsed time 0:00:00.082201
epoch 0.62 elapsed time 0:00:00.081462
epoch 0.63 elapsed time 0:00:00.082370
epoch 0.64 elapsed time 0:00:00.084176
epoch 0.65 elapsed time 0:00:00.082476
epoch 0.66 elapsed time 0:00:00.081608
epoch 0.67 elapsed time 0:00:00.081504
epoch 0.68 elapsed time 0:00:00.082348
epoch 0.69 elapsed time 0:00:00.081872
epoch 0.7 elapsed time 0:00:00.083588
epoch 0.71 elapsed time 0:00:00.081410
epoch 0.72 elapsed time 0:00:00.082598
epoch 0.73 elapsed time 0:00:00.082031
epoch 0.74 elapsed time 0:00:00.081739
epoch 0.75 elapsed time 0:00:00.080209
epoch 0.76 elapsed time 0:00:00.083223
epoch 0.77 elapsed time 0:00:00.083805
epoch 0.78 elapsed time 0:00:00.080312
epoch 0.79 elapsed time 0:00:00.082884
epoch 0.8 elapsed time 0:00:00.080248
epoch 0.81 elapsed time 0:00:00.079908
epoch 0.82 elapsed time 0:00:00.082828
epoch 0.83 elapsed time 0:00:00.086092
epoch 0.84 elapsed time 0:00:00.082704
epoch 0.85 elapsed time 0:00:00.082360
epoch 0.86 elapsed time 0:00:00.082917
epoch 0.87 elapsed time 0:00:00.084194
epoch 0.88 elapsed time 0:00:00.081793
epoch 0.89 elapsed time 0:00:00.081439
epoch 0.9 elapsed time 0:00:00.084574
epoch 0.91 elapsed time 0:00:00.081124
epoch 0.92 elapsed time 0:00:00.081112
epoch 0.93 elapsed time 0:00:00.082321
epoch 0.94 elapsed time 0:00:00.081713
epoch 0.95 elapsed time 0:00:00.084445
epoch 0.96 elapsed time 0:00:00.081331
epoch 0.97 elapsed time 0:00:00.085711
epoch 0.98 elapsed time 0:00:00.082689
epoch 0.99 elapsed time 0:00:00.082072
saving to savedmodels/RNNseq2_05-05-11.55.46.976788/model-trained-05-05-11.55.51.548593
1 0:04:51.951985
epoch 0.0 elapsed time 0:00:03.494723
epoch 0.01 elapsed time 0:00:00.161186
epoch 0.02 elapsed time 0:00:00.160327
epoch 0.03 elapsed time 0:00:00.159528
epoch 0.04 elapsed time 0:00:00.159181
epoch 0.05 elapsed time 0:00:00.162580
epoch 0.06 elapsed time 0:00:00.161158
epoch 0.07 elapsed time 0:00:00.159582
epoch 0.08 elapsed time 0:00:00.163319
epoch 0.09 elapsed time 0:00:00.163225
epoch 0.1 elapsed time 0:00:00.160175
epoch 0.11 elapsed time 0:00:00.160301
epoch 0.12 elapsed time 0:00:00.160913
epoch 0.13 elapsed time 0:00:00.161010
epoch 0.14 elapsed time 0:00:00.163102
epoch 0.15 elapsed time 0:00:00.161623
epoch 0.16 elapsed time 0:00:00.159722
epoch 0.17 elapsed time 0:00:00.161122
epoch 0.18 elapsed time 0:00:00.160798
epoch 0.19 elapsed time 0:00:00.159349
epoch 0.2 elapsed time 0:00:00.160536
epoch 0.21 elapsed time 0:00:00.159239
epoch 0.22 elapsed time 0:00:00.166711
epoch 0.23 elapsed time 0:00:00.163185
epoch 0.24 elapsed time 0:00:00.159942
epoch 0.25 elapsed time 0:00:00.159252
epoch 0.26 elapsed time 0:00:00.159700
epoch 0.27 elapsed time 0:00:00.162473
epoch 0.28 elapsed time 0:00:00.159554
epoch 0.29 elapsed time 0:00:00.159879
epoch 0.3 elapsed time 0:00:00.162319
epoch 0.31 elapsed time 0:00:00.160015
epoch 0.32 elapsed time 0:00:00.160976
epoch 0.33 elapsed time 0:00:00.163444
epoch 0.34 elapsed time 0:00:00.161312
epoch 0.35 elapsed time 0:00:00.159509
epoch 0.36 elapsed time 0:00:00.161044
epoch 0.37 elapsed time 0:00:00.158729
epoch 0.38 elapsed time 0:00:00.160508
epoch 0.39 elapsed time 0:00:00.160172
epoch 0.4 elapsed time 0:00:00.163036
epoch 0.41 elapsed time 0:00:00.161452
epoch 0.42 elapsed time 0:00:00.159644
epoch 0.43 elapsed time 0:00:00.159194
epoch 0.44 elapsed time 0:00:00.160143
epoch 0.45 elapsed time 0:00:00.161738
epoch 0.46 elapsed time 0:00:00.162069
epoch 0.47 elapsed time 0:00:00.163192
epoch 0.48 elapsed time 0:00:00.162844
epoch 0.49 elapsed time 0:00:00.162155
epoch 0.5 elapsed time 0:00:00.161653
epoch 0.51 elapsed time 0:00:00.160333
epoch 0.52 elapsed time 0:00:00.159539
epoch 0.53 elapsed time 0:00:00.161213
epoch 0.54 elapsed time 0:00:00.158280
epoch 0.55 elapsed time 0:00:00.162693
epoch 0.56 elapsed time 0:00:00.158744
epoch 0.57 elapsed time 0:00:00.162297
epoch 0.58 elapsed time 0:00:00.162240
epoch 0.59 elapsed time 0:00:00.159669
epoch 0.6 elapsed time 0:00:00.162772
epoch 0.61 elapsed time 0:00:00.160137
epoch 0.62 elapsed time 0:00:00.160146
epoch 0.63 elapsed time 0:00:00.163341
epoch 0.64 elapsed time 0:00:00.158453
epoch 0.65 elapsed time 0:00:00.161502
epoch 0.66 elapsed time 0:00:00.159379
epoch 0.67 elapsed time 0:00:00.161664
epoch 0.68 elapsed time 0:00:00.164005
epoch 0.69 elapsed time 0:00:00.161846
epoch 0.7 elapsed time 0:00:00.161459
epoch 0.71 elapsed time 0:00:00.159973
epoch 0.72 elapsed time 0:00:00.158054
epoch 0.73 elapsed time 0:00:00.160025
epoch 0.74 elapsed time 0:00:00.158082
epoch 0.75 elapsed time 0:00:00.158760
epoch 0.76 elapsed time 0:00:00.159624
epoch 0.77 elapsed time 0:00:00.157011
epoch 0.78 elapsed time 0:00:00.154929
epoch 0.79 elapsed time 0:00:00.157372
epoch 0.8 elapsed time 0:00:00.156768
epoch 0.81 elapsed time 0:00:00.159055
epoch 0.82 elapsed time 0:00:00.159066
epoch 0.83 elapsed time 0:00:00.160296
epoch 0.84 elapsed time 0:00:00.155680
epoch 0.85 elapsed time 0:00:00.153968
epoch 0.86 elapsed time 0:00:00.159892
epoch 0.87 elapsed time 0:00:00.154095
epoch 0.88 elapsed time 0:00:00.157980
epoch 0.89 elapsed time 0:00:00.152851
epoch 0.9 elapsed time 0:00:00.154076
epoch 0.91 elapsed time 0:00:00.158381
epoch 0.92 elapsed time 0:00:00.159239
epoch 0.93 elapsed time 0:00:00.154539
epoch 0.94 elapsed time 0:00:00.161758
epoch 0.95 elapsed time 0:00:00.158586
epoch 0.96 elapsed time 0:00:00.159820
epoch 0.97 elapsed time 0:00:00.155752
epoch 0.98 elapsed time 0:00:00.154294
epoch 0.99 elapsed time 0:00:00.160530
saving to savedmodels/LSTMseq2_05-05-11.55.50.452045/model-trained-05-05-12.00.43.518769
1 0:10:09.106953


GPU profiling 

gpu_serial, gpu_utilization [%], mem_utilization [%], max_memory_usage [MiB]
