

 training CSW nets 

/usr/licensed/anaconda3/4.4.0/lib/python3.6/site-packages/h5py/__init__.py:34: FutureWarning: Conversion of the second argument of issubdtype from `float` to `np.floating` is deprecated. In future, it will be treated as `np.float64 == np.dtype(float).type`.
  from ._conv import register_converters as _register_converters
2018-05-05 11:55:46.981777: I tensorflow/core/platform/cpu_feature_guard.cc:140] Your CPU supports instructions that this TensorFlow binary was not compiled to use: AVX2 FMA
saving to savedmodels/RNNseq2_05-05-11.55.46.972864/model-initial-05-05-11.55.46.972895
saving to savedmodels/LSTMseq2_05-05-11.55.50.445837/model-initial-05-05-11.55.50.445885

 RAND False COND False {'batch_size': 25, 'num_epochs': 50000, 'loss_op': <function mean_squared_error at 0x2b3a857c2378>} 

epoch 0.0 elapsed time 0:00:00.677768
epoch 0.01 elapsed time 0:00:00.075136
epoch 0.02 elapsed time 0:00:00.074290
epoch 0.03 elapsed time 0:00:00.075960
epoch 0.04 elapsed time 0:00:00.076207
epoch 0.05 elapsed time 0:00:00.075365
epoch 0.06 elapsed time 0:00:00.075452
epoch 0.07 elapsed time 0:00:00.075661
epoch 0.08 elapsed time 0:00:00.075074
epoch 0.09 elapsed time 0:00:00.078367
epoch 0.1 elapsed time 0:00:00.076160
epoch 0.11 elapsed time 0:00:00.076053
epoch 0.12 elapsed time 0:00:00.075309
epoch 0.13 elapsed time 0:00:00.077300
epoch 0.14 elapsed time 0:00:00.075566
epoch 0.15 elapsed time 0:00:00.075921
epoch 0.16 elapsed time 0:00:00.075586
epoch 0.17 elapsed time 0:00:00.075176
epoch 0.18 elapsed time 0:00:00.075431
epoch 0.19 elapsed time 0:00:00.075023
epoch 0.2 elapsed time 0:00:00.075224
epoch 0.21 elapsed time 0:00:00.075460
epoch 0.22 elapsed time 0:00:00.075957
epoch 0.23 elapsed time 0:00:00.074972
epoch 0.24 elapsed time 0:00:00.076188
epoch 0.25 elapsed time 0:00:00.075992
epoch 0.26 elapsed time 0:00:00.075275
epoch 0.27 elapsed time 0:00:00.076082
epoch 0.28 elapsed time 0:00:00.074997
epoch 0.29 elapsed time 0:00:00.075440
epoch 0.3 elapsed time 0:00:00.074541
epoch 0.31 elapsed time 0:00:00.075381
epoch 0.32 elapsed time 0:00:00.075636
epoch 0.33 elapsed time 0:00:00.075575
epoch 0.34 elapsed time 0:00:00.075414
epoch 0.35 elapsed time 0:00:00.077935
epoch 0.36 elapsed time 0:00:00.075921
epoch 0.37 elapsed time 0:00:00.074702
epoch 0.38 elapsed time 0:00:00.075833
epoch 0.39 elapsed time 0:00:00.075731
epoch 0.4 elapsed time 0:00:00.075918
epoch 0.41 elapsed time 0:00:00.075735
epoch 0.42 elapsed time 0:00:00.076514
epoch 0.43 elapsed time 0:00:00.074382
epoch 0.44 elapsed time 0:00:00.075518
epoch 0.45 elapsed time 0:00:00.074887
epoch 0.46 elapsed time 0:00:00.076541
epoch 0.47 elapsed time 0:00:00.076710
epoch 0.48 elapsed time 0:00:00.076003
epoch 0.49 elapsed time 0:00:00.075023
epoch 0.5 elapsed time 0:00:00.074933
epoch 0.51 elapsed time 0:00:00.075781
epoch 0.52 elapsed time 0:00:00.075171
epoch 0.53 elapsed time 0:00:00.077513
epoch 0.54 elapsed time 0:00:00.074954
epoch 0.55 elapsed time 0:00:00.076413
epoch 0.56 elapsed time 0:00:00.076323
epoch 0.57 elapsed time 0:00:00.075414
epoch 0.58 elapsed time 0:00:00.075240
epoch 0.59 elapsed time 0:00:00.075223
epoch 0.6 elapsed time 0:00:00.077232
epoch 0.61 elapsed time 0:00:00.075588
epoch 0.62 elapsed time 0:00:00.074848
epoch 0.63 elapsed time 0:00:00.080762
epoch 0.64 elapsed time 0:00:00.076956
epoch 0.65 elapsed time 0:00:00.077193
epoch 0.66 elapsed time 0:00:00.076438
epoch 0.67 elapsed time 0:00:00.076578
epoch 0.68 elapsed time 0:00:00.074895
epoch 0.69 elapsed time 0:00:00.075126
epoch 0.7 elapsed time 0:00:00.075842
epoch 0.71 elapsed time 0:00:00.076265
epoch 0.72 elapsed time 0:00:00.075395
epoch 0.73 elapsed time 0:00:00.074952
epoch 0.74 elapsed time 0:00:00.075302
epoch 0.75 elapsed time 0:00:00.075739
epoch 0.76 elapsed time 0:00:00.075566
epoch 0.77 elapsed time 0:00:00.075581
epoch 0.78 elapsed time 0:00:00.076184
epoch 0.79 elapsed time 0:00:00.076344
epoch 0.8 elapsed time 0:00:00.075854
epoch 0.81 elapsed time 0:00:00.075628
epoch 0.82 elapsed time 0:00:00.076337
epoch 0.83 elapsed time 0:00:00.075283
epoch 0.84 elapsed time 0:00:00.075953
epoch 0.85 elapsed time 0:00:00.076179
epoch 0.86 elapsed time 0:00:00.075957
epoch 0.87 elapsed time 0:00:00.076660
epoch 0.88 elapsed time 0:00:00.075810
epoch 0.89 elapsed time 0:00:00.076608
epoch 0.9 elapsed time 0:00:00.074897
epoch 0.91 elapsed time 0:00:00.076365
epoch 0.92 elapsed time 0:00:00.076687
epoch 0.93 elapsed time 0:00:00.076321
epoch 0.94 elapsed time 0:00:00.076029
epoch 0.95 elapsed time 0:00:00.076123
epoch 0.96 elapsed time 0:00:00.075290
epoch 0.97 elapsed time 0:00:00.075570
epoch 0.98 elapsed time 0:00:00.074419
epoch 0.99 elapsed time 0:00:00.075494
saving to savedmodels/RNNseq2_05-05-11.55.46.972864/model-trained-05-05-11.55.51.519639
1 0:04:17.364517
epoch 0.0 elapsed time 0:00:03.959101
epoch 0.01 elapsed time 0:00:00.129962
epoch 0.02 elapsed time 0:00:00.130690
epoch 0.03 elapsed time 0:00:00.129790
epoch 0.04 elapsed time 0:00:00.130187
epoch 0.05 elapsed time 0:00:00.129248
epoch 0.06 elapsed time 0:00:00.129450
epoch 0.07 elapsed time 0:00:00.129217
epoch 0.08 elapsed time 0:00:00.130016
epoch 0.09 elapsed time 0:00:00.128036
epoch 0.1 elapsed time 0:00:00.128532
epoch 0.11 elapsed time 0:00:00.131571
epoch 0.12 elapsed time 0:00:00.130539
epoch 0.13 elapsed time 0:00:00.127574
epoch 0.14 elapsed time 0:00:00.127963
epoch 0.15 elapsed time 0:00:00.130735
epoch 0.16 elapsed time 0:00:00.128723
epoch 0.17 elapsed time 0:00:00.129055
epoch 0.18 elapsed time 0:00:00.128325
epoch 0.19 elapsed time 0:00:00.130184
epoch 0.2 elapsed time 0:00:00.130070
epoch 0.21 elapsed time 0:00:00.128901
epoch 0.22 elapsed time 0:00:00.127352
epoch 0.23 elapsed time 0:00:00.128427
epoch 0.24 elapsed time 0:00:00.131305
epoch 0.25 elapsed time 0:00:00.131543
epoch 0.26 elapsed time 0:00:00.129159
epoch 0.27 elapsed time 0:00:00.130493
epoch 0.28 elapsed time 0:00:00.130087
epoch 0.29 elapsed time 0:00:00.128830
epoch 0.3 elapsed time 0:00:00.131035
epoch 0.31 elapsed time 0:00:00.128793
epoch 0.32 elapsed time 0:00:00.127279
epoch 0.33 elapsed time 0:00:00.127412
epoch 0.34 elapsed time 0:00:00.129357
epoch 0.35 elapsed time 0:00:00.127302
epoch 0.36 elapsed time 0:00:00.133785
epoch 0.37 elapsed time 0:00:00.127151
epoch 0.38 elapsed time 0:00:00.128309
epoch 0.39 elapsed time 0:00:00.127708
epoch 0.4 elapsed time 0:00:00.126974
epoch 0.41 elapsed time 0:00:00.127908
epoch 0.42 elapsed time 0:00:00.127566
epoch 0.43 elapsed time 0:00:00.128139
epoch 0.44 elapsed time 0:00:00.127890
epoch 0.45 elapsed time 0:00:00.127702
epoch 0.46 elapsed time 0:00:00.126386
epoch 0.47 elapsed time 0:00:00.128267
epoch 0.48 elapsed time 0:00:00.127864
epoch 0.49 elapsed time 0:00:00.127530
epoch 0.5 elapsed time 0:00:00.129000
epoch 0.51 elapsed time 0:00:00.129167
epoch 0.52 elapsed time 0:00:00.129549
epoch 0.53 elapsed time 0:00:00.130966
epoch 0.54 elapsed time 0:00:00.128370
epoch 0.55 elapsed time 0:00:00.130963
epoch 0.56 elapsed time 0:00:00.128859
epoch 0.57 elapsed time 0:00:00.130006
epoch 0.58 elapsed time 0:00:00.128909
epoch 0.59 elapsed time 0:00:00.128000
epoch 0.6 elapsed time 0:00:00.129802
epoch 0.61 elapsed time 0:00:00.129417
epoch 0.62 elapsed time 0:00:00.128282
epoch 0.63 elapsed time 0:00:00.130804
epoch 0.64 elapsed time 0:00:00.129168
epoch 0.65 elapsed time 0:00:00.130724
epoch 0.66 elapsed time 0:00:00.132012
epoch 0.67 elapsed time 0:00:00.132418
epoch 0.68 elapsed time 0:00:00.131551
epoch 0.69 elapsed time 0:00:00.132028
epoch 0.7 elapsed time 0:00:00.129468
epoch 0.71 elapsed time 0:00:00.131088
epoch 0.72 elapsed time 0:00:00.128508
epoch 0.73 elapsed time 0:00:00.131806
epoch 0.74 elapsed time 0:00:00.132597
epoch 0.75 elapsed time 0:00:00.129537
epoch 0.76 elapsed time 0:00:00.128461
epoch 0.77 elapsed time 0:00:00.130889
epoch 0.78 elapsed time 0:00:00.131909
epoch 0.79 elapsed time 0:00:00.130191
epoch 0.8 elapsed time 0:00:00.128691
epoch 0.81 elapsed time 0:00:00.127766
epoch 0.82 elapsed time 0:00:00.128921
epoch 0.83 elapsed time 0:00:00.128636
epoch 0.84 elapsed time 0:00:00.129067
epoch 0.85 elapsed time 0:00:00.129540
epoch 0.86 elapsed time 0:00:00.128456
epoch 0.87 elapsed time 0:00:00.128493
epoch 0.88 elapsed time 0:00:00.130779
epoch 0.89 elapsed time 0:00:00.130977
epoch 0.9 elapsed time 0:00:00.128328
epoch 0.91 elapsed time 0:00:00.129132
epoch 0.92 elapsed time 0:00:00.128543
epoch 0.93 elapsed time 0:00:00.128506
epoch 0.94 elapsed time 0:00:00.130695
epoch 0.95 elapsed time 0:00:00.127168
epoch 0.96 elapsed time 0:00:00.129195
epoch 0.97 elapsed time 0:00:00.128472
epoch 0.98 elapsed time 0:00:00.129104
epoch 0.99 elapsed time 0:00:00.127027
saving to savedmodels/LSTMseq2_05-05-11.55.50.445837/model-trained-05-05-12.00.08.905323
1 0:07:57.011737


GPU profiling 

gpu_serial, gpu_utilization [%], mem_utilization [%], max_memory_usage [MiB]
