

 training CSW nets 

/usr/licensed/anaconda3/4.4.0/lib/python3.6/site-packages/h5py/__init__.py:34: FutureWarning: Conversion of the second argument of issubdtype from `float` to `np.floating` is deprecated. In future, it will be treated as `np.float64 == np.dtype(float).type`.
  from ._conv import register_converters as _register_converters
2018-05-05 12:18:53.045989: I tensorflow/core/platform/cpu_feature_guard.cc:140] Your CPU supports instructions that this TensorFlow binary was not compiled to use: AVX2 FMA
saving to savedmodels/RNNseq2_05-05-12.18.53.037051/model-initial-05-05-12.18.53.037103
saving to savedmodels/LSTMseq2_05-05-12.18.56.927903/model-initial-05-05-12.18.56.927933

 RAND False COND True {'batch_size': 25, 'num_epochs': 50000, 'loss_op': <function mean_squared_error at 0x2aab57642378>} 

epoch 0.0 elapsed time 0:00:00.747272
epoch 0.01 elapsed time 0:00:00.146762
epoch 0.02 elapsed time 0:00:00.147632
epoch 0.03 elapsed time 0:00:00.147472
epoch 0.04 elapsed time 0:00:00.148741
epoch 0.05 elapsed time 0:00:00.148598
epoch 0.06 elapsed time 0:00:00.146210
epoch 0.07 elapsed time 0:00:00.147503
epoch 0.08 elapsed time 0:00:00.146666
epoch 0.09 elapsed time 0:00:00.148635
epoch 0.1 elapsed time 0:00:00.147140
epoch 0.11 elapsed time 0:00:00.147044
epoch 0.12 elapsed time 0:00:00.148494
epoch 0.13 elapsed time 0:00:00.147478
epoch 0.14 elapsed time 0:00:00.146985
epoch 0.15 elapsed time 0:00:00.149292
epoch 0.16 elapsed time 0:00:00.147729
epoch 0.17 elapsed time 0:00:00.145334
epoch 0.18 elapsed time 0:00:00.148642
epoch 0.19 elapsed time 0:00:00.146367
epoch 0.2 elapsed time 0:00:00.147592
epoch 0.21 elapsed time 0:00:00.147907
epoch 0.22 elapsed time 0:00:00.146908
epoch 0.23 elapsed time 0:00:00.147486
epoch 0.24 elapsed time 0:00:00.146947
epoch 0.25 elapsed time 0:00:00.149181
epoch 0.26 elapsed time 0:00:00.148322
epoch 0.27 elapsed time 0:00:00.147142
epoch 0.28 elapsed time 0:00:00.147953
epoch 0.29 elapsed time 0:00:00.146665
epoch 0.3 elapsed time 0:00:00.148400
epoch 0.31 elapsed time 0:00:00.147666
epoch 0.32 elapsed time 0:00:00.147733
epoch 0.33 elapsed time 0:00:00.148918
epoch 0.34 elapsed time 0:00:00.147295
epoch 0.35 elapsed time 0:00:00.147779
epoch 0.36 elapsed time 0:00:00.146706
epoch 0.37 elapsed time 0:00:00.147236
epoch 0.38 elapsed time 0:00:00.147766
epoch 0.39 elapsed time 0:00:00.146018
epoch 0.4 elapsed time 0:00:00.149280
epoch 0.41 elapsed time 0:00:00.147809
epoch 0.42 elapsed time 0:00:00.148178
epoch 0.43 elapsed time 0:00:00.147559
epoch 0.44 elapsed time 0:00:00.148487
epoch 0.45 elapsed time 0:00:00.147823
epoch 0.46 elapsed time 0:00:00.149189
epoch 0.47 elapsed time 0:00:00.148269
epoch 0.48 elapsed time 0:00:00.146131
epoch 0.49 elapsed time 0:00:00.147952
epoch 0.5 elapsed time 0:00:00.147914
epoch 0.51 elapsed time 0:00:00.149661
epoch 0.52 elapsed time 0:00:00.148638
epoch 0.53 elapsed time 0:00:00.148138
epoch 0.54 elapsed time 0:00:00.148113
epoch 0.55 elapsed time 0:00:00.148768
epoch 0.56 elapsed time 0:00:00.146133
epoch 0.57 elapsed time 0:00:00.146690
epoch 0.58 elapsed time 0:00:00.148414
epoch 0.59 elapsed time 0:00:00.148009
epoch 0.6 elapsed time 0:00:00.149051
epoch 0.61 elapsed time 0:00:00.148189
epoch 0.62 elapsed time 0:00:00.148164
epoch 0.63 elapsed time 0:00:00.146680
epoch 0.64 elapsed time 0:00:00.148014
epoch 0.65 elapsed time 0:00:00.148693
epoch 0.66 elapsed time 0:00:00.148297
epoch 0.67 elapsed time 0:00:00.147530
epoch 0.68 elapsed time 0:00:00.147136
epoch 0.69 elapsed time 0:00:00.148057
epoch 0.7 elapsed time 0:00:00.148124
epoch 0.71 elapsed time 0:00:00.147469
epoch 0.72 elapsed time 0:00:00.148033
epoch 0.73 elapsed time 0:00:00.147435
epoch 0.74 elapsed time 0:00:00.147718
epoch 0.75 elapsed time 0:00:00.148524
epoch 0.76 elapsed time 0:00:00.149851
epoch 0.77 elapsed time 0:00:00.148132
epoch 0.78 elapsed time 0:00:00.147303
epoch 0.79 elapsed time 0:00:00.148476
epoch 0.8 elapsed time 0:00:00.145985
epoch 0.81 elapsed time 0:00:00.148255
epoch 0.82 elapsed time 0:00:00.145972
epoch 0.83 elapsed time 0:00:00.146149
epoch 0.84 elapsed time 0:00:00.146818
epoch 0.85 elapsed time 0:00:00.148549
epoch 0.86 elapsed time 0:00:00.148253
epoch 0.87 elapsed time 0:00:00.147570
epoch 0.88 elapsed time 0:00:00.147753
epoch 0.89 elapsed time 0:00:00.148548
epoch 0.9 elapsed time 0:00:00.147164
epoch 0.91 elapsed time 0:00:00.147421
epoch 0.92 elapsed time 0:00:00.148384
epoch 0.93 elapsed time 0:00:00.148225
epoch 0.94 elapsed time 0:00:00.147956
epoch 0.95 elapsed time 0:00:00.147919
epoch 0.96 elapsed time 0:00:00.148798
epoch 0.97 elapsed time 0:00:00.146722
epoch 0.98 elapsed time 0:00:00.146483
epoch 0.99 elapsed time 0:00:00.148110
saving to savedmodels/RNNseq2_05-05-12.18.53.037051/model-trained-05-05-12.18.58.029728
1 0:07:02.755234
epoch 0.0 elapsed time 0:00:04.121472
epoch 0.01 elapsed time 0:00:00.256222
epoch 0.02 elapsed time 0:00:00.258136
epoch 0.03 elapsed time 0:00:00.257221
epoch 0.04 elapsed time 0:00:00.257424
epoch 0.05 elapsed time 0:00:00.259427
epoch 0.06 elapsed time 0:00:00.259897
epoch 0.07 elapsed time 0:00:00.256639
epoch 0.08 elapsed time 0:00:00.254199
epoch 0.09 elapsed time 0:00:00.257152
epoch 0.1 elapsed time 0:00:00.256921
epoch 0.11 elapsed time 0:00:00.254539
epoch 0.12 elapsed time 0:00:00.257002
epoch 0.13 elapsed time 0:00:00.259955
epoch 0.14 elapsed time 0:00:00.256502
epoch 0.15 elapsed time 0:00:00.257102
epoch 0.16 elapsed time 0:00:00.256336
epoch 0.17 elapsed time 0:00:00.256475
epoch 0.18 elapsed time 0:00:00.257925
epoch 0.19 elapsed time 0:00:00.256054
epoch 0.2 elapsed time 0:00:00.255360
epoch 0.21 elapsed time 0:00:00.256478
epoch 0.22 elapsed time 0:00:00.258212
epoch 0.23 elapsed time 0:00:00.257952
epoch 0.24 elapsed time 0:00:00.258069
epoch 0.25 elapsed time 0:00:00.256239
epoch 0.26 elapsed time 0:00:00.256350
epoch 0.27 elapsed time 0:00:00.260646
epoch 0.28 elapsed time 0:00:00.255725
epoch 0.29 elapsed time 0:00:00.253912
epoch 0.3 elapsed time 0:00:00.260561
epoch 0.31 elapsed time 0:00:00.261718
epoch 0.32 elapsed time 0:00:00.261085
epoch 0.33 elapsed time 0:00:00.255595
epoch 0.34 elapsed time 0:00:00.255338
epoch 0.35 elapsed time 0:00:00.260602
epoch 0.36 elapsed time 0:00:00.260347
epoch 0.37 elapsed time 0:00:00.254040
epoch 0.38 elapsed time 0:00:00.257787
epoch 0.39 elapsed time 0:00:00.260795
epoch 0.4 elapsed time 0:00:00.254727
epoch 0.41 elapsed time 0:00:00.254770
epoch 0.42 elapsed time 0:00:00.253343
epoch 0.43 elapsed time 0:00:00.257184
epoch 0.44 elapsed time 0:00:00.254304
epoch 0.45 elapsed time 0:00:00.256041
epoch 0.46 elapsed time 0:00:00.254515
epoch 0.47 elapsed time 0:00:00.258961
epoch 0.48 elapsed time 0:00:00.257062
epoch 0.49 elapsed time 0:00:00.259801
epoch 0.5 elapsed time 0:00:00.257394
epoch 0.51 elapsed time 0:00:00.259123
epoch 0.52 elapsed time 0:00:00.258820
epoch 0.53 elapsed time 0:00:00.256021
epoch 0.54 elapsed time 0:00:00.257006
epoch 0.55 elapsed time 0:00:00.258481
epoch 0.56 elapsed time 0:00:00.254497
epoch 0.57 elapsed time 0:00:00.253790
epoch 0.58 elapsed time 0:00:00.255141
epoch 0.59 elapsed time 0:00:00.255683
epoch 0.6 elapsed time 0:00:00.256424
epoch 0.61 elapsed time 0:00:00.254163
epoch 0.62 elapsed time 0:00:00.262087
epoch 0.63 elapsed time 0:00:00.260246
epoch 0.64 elapsed time 0:00:00.256276
epoch 0.65 elapsed time 0:00:00.257168
epoch 0.66 elapsed time 0:00:00.257533
epoch 0.67 elapsed time 0:00:00.253853
epoch 0.68 elapsed time 0:00:00.254859
epoch 0.69 elapsed time 0:00:00.256610
epoch 0.7 elapsed time 0:00:00.255767
epoch 0.71 elapsed time 0:00:00.256146
epoch 0.72 elapsed time 0:00:00.256219
epoch 0.73 elapsed time 0:00:00.253802
epoch 0.74 elapsed time 0:00:00.253703
epoch 0.75 elapsed time 0:00:00.258249
epoch 0.76 elapsed time 0:00:00.257221
epoch 0.77 elapsed time 0:00:00.256758
epoch 0.78 elapsed time 0:00:00.255522
epoch 0.79 elapsed time 0:00:00.257045
epoch 0.8 elapsed time 0:00:00.254034
epoch 0.81 elapsed time 0:00:00.255873
epoch 0.82 elapsed time 0:00:00.254537
epoch 0.83 elapsed time 0:00:00.253630
epoch 0.84 elapsed time 0:00:00.257580
epoch 0.85 elapsed time 0:00:00.258167
epoch 0.86 elapsed time 0:00:00.254987
epoch 0.87 elapsed time 0:00:00.255051
epoch 0.88 elapsed time 0:00:00.256635
epoch 0.89 elapsed time 0:00:00.252674
epoch 0.9 elapsed time 0:00:00.256094
epoch 0.91 elapsed time 0:00:00.256432
epoch 0.92 elapsed time 0:00:00.254779
epoch 0.93 elapsed time 0:00:00.260655
epoch 0.94 elapsed time 0:00:00.256202
epoch 0.95 elapsed time 0:00:00.257309
epoch 0.96 elapsed time 0:00:00.258953
epoch 0.97 elapsed time 0:00:00.251770
epoch 0.98 elapsed time 0:00:00.256354
epoch 0.99 elapsed time 0:00:00.258259
saving to savedmodels/LSTMseq2_05-05-12.18.56.927903/model-trained-05-05-12.26.00.804583
1 0:14:04.223178


GPU profiling 

gpu_serial, gpu_utilization [%], mem_utilization [%], max_memory_usage [MiB]
