

 training CSW nets 

/usr/licensed/anaconda3/4.4.0/lib/python3.6/site-packages/h5py/__init__.py:34: FutureWarning: Conversion of the second argument of issubdtype from `float` to `np.floating` is deprecated. In future, it will be treated as `np.float64 == np.dtype(float).type`.
  from ._conv import register_converters as _register_converters
2018-05-05 12:18:58.782714: I tensorflow/core/platform/cpu_feature_guard.cc:140] Your CPU supports instructions that this TensorFlow binary was not compiled to use: AVX2 FMA
saving to savedmodels/RNNseq2_05-05-12.18.58.774184/model-initial-05-05-12.18.58.774214
saving to savedmodels/LSTMseq2_05-05-12.19.02.762116/model-initial-05-05-12.19.02.762169

 RAND False COND True {'batch_size': 25, 'num_epochs': 50000, 'loss_op': <function mean_squared_error at 0x2b08c0c82378>} 

epoch 0.0 elapsed time 0:00:00.751487
epoch 0.01 elapsed time 0:00:00.158892
epoch 0.02 elapsed time 0:00:00.160133
epoch 0.03 elapsed time 0:00:00.157684
epoch 0.04 elapsed time 0:00:00.161235
epoch 0.05 elapsed time 0:00:00.161491
epoch 0.06 elapsed time 0:00:00.160773
epoch 0.07 elapsed time 0:00:00.157747
epoch 0.08 elapsed time 0:00:00.153776
epoch 0.09 elapsed time 0:00:00.155795
epoch 0.1 elapsed time 0:00:00.158795
epoch 0.11 elapsed time 0:00:00.157711
epoch 0.12 elapsed time 0:00:00.163044
epoch 0.13 elapsed time 0:00:00.162546
epoch 0.14 elapsed time 0:00:00.153187
epoch 0.15 elapsed time 0:00:00.150907
epoch 0.16 elapsed time 0:00:00.156088
epoch 0.17 elapsed time 0:00:00.159493
epoch 0.18 elapsed time 0:00:00.157713
epoch 0.19 elapsed time 0:00:00.158097
epoch 0.2 elapsed time 0:00:00.158670
epoch 0.21 elapsed time 0:00:00.156139
epoch 0.22 elapsed time 0:00:00.162116
epoch 0.23 elapsed time 0:00:00.154913
epoch 0.24 elapsed time 0:00:00.162737
epoch 0.25 elapsed time 0:00:00.154513
epoch 0.26 elapsed time 0:00:00.159682
epoch 0.27 elapsed time 0:00:00.159755
epoch 0.28 elapsed time 0:00:00.159123
epoch 0.29 elapsed time 0:00:00.155583
epoch 0.3 elapsed time 0:00:00.157965
epoch 0.31 elapsed time 0:00:00.158896
epoch 0.32 elapsed time 0:00:00.157231
epoch 0.33 elapsed time 0:00:00.160949
epoch 0.34 elapsed time 0:00:00.155959
epoch 0.35 elapsed time 0:00:00.159265
epoch 0.36 elapsed time 0:00:00.157148
epoch 0.37 elapsed time 0:00:00.160153
epoch 0.38 elapsed time 0:00:00.160393
epoch 0.39 elapsed time 0:00:00.161099
epoch 0.4 elapsed time 0:00:00.156024
epoch 0.41 elapsed time 0:00:00.163763
epoch 0.42 elapsed time 0:00:00.159769
epoch 0.43 elapsed time 0:00:00.158221
epoch 0.44 elapsed time 0:00:00.159056
epoch 0.45 elapsed time 0:00:00.158315
epoch 0.46 elapsed time 0:00:00.153367
epoch 0.47 elapsed time 0:00:00.154426
epoch 0.48 elapsed time 0:00:00.158870
epoch 0.49 elapsed time 0:00:00.160735
epoch 0.5 elapsed time 0:00:00.153890
epoch 0.51 elapsed time 0:00:00.158955
epoch 0.52 elapsed time 0:00:00.159348
epoch 0.53 elapsed time 0:00:00.159354
epoch 0.54 elapsed time 0:00:00.158595
epoch 0.55 elapsed time 0:00:00.155498
epoch 0.56 elapsed time 0:00:00.158401
epoch 0.57 elapsed time 0:00:00.159203
epoch 0.58 elapsed time 0:00:00.164197
epoch 0.59 elapsed time 0:00:00.159256
epoch 0.6 elapsed time 0:00:00.166185
epoch 0.61 elapsed time 0:00:00.162830
epoch 0.62 elapsed time 0:00:00.162010
epoch 0.63 elapsed time 0:00:00.157925
epoch 0.64 elapsed time 0:00:00.160464
epoch 0.65 elapsed time 0:00:00.156533
epoch 0.66 elapsed time 0:00:00.157727
epoch 0.67 elapsed time 0:00:00.154673
epoch 0.68 elapsed time 0:00:00.158660
epoch 0.69 elapsed time 0:00:00.158895
epoch 0.7 elapsed time 0:00:00.160048
epoch 0.71 elapsed time 0:00:00.165102
epoch 0.72 elapsed time 0:00:00.161849
epoch 0.73 elapsed time 0:00:00.163299
epoch 0.74 elapsed time 0:00:00.162607
epoch 0.75 elapsed time 0:00:00.159970
epoch 0.76 elapsed time 0:00:00.158996
epoch 0.77 elapsed time 0:00:00.156633
epoch 0.78 elapsed time 0:00:00.160420
epoch 0.79 elapsed time 0:00:00.159946
epoch 0.8 elapsed time 0:00:00.158227
epoch 0.81 elapsed time 0:00:00.163277
epoch 0.82 elapsed time 0:00:00.162006
epoch 0.83 elapsed time 0:00:00.160590
epoch 0.84 elapsed time 0:00:00.159124
epoch 0.85 elapsed time 0:00:00.155691
epoch 0.86 elapsed time 0:00:00.158074
epoch 0.87 elapsed time 0:00:00.156406
epoch 0.88 elapsed time 0:00:00.157451
epoch 0.89 elapsed time 0:00:00.158890
epoch 0.9 elapsed time 0:00:00.161596
epoch 0.91 elapsed time 0:00:00.155658
epoch 0.92 elapsed time 0:00:00.159459
epoch 0.93 elapsed time 0:00:00.162588
epoch 0.94 elapsed time 0:00:00.158279
epoch 0.95 elapsed time 0:00:00.158362
epoch 0.96 elapsed time 0:00:00.160360
epoch 0.97 elapsed time 0:00:00.158620
epoch 0.98 elapsed time 0:00:00.157453
epoch 0.99 elapsed time 0:00:00.156967
saving to savedmodels/RNNseq2_05-05-12.18.58.774184/model-trained-05-05-12.19.03.865587
1 0:08:01.516182
epoch 0.0 elapsed time 0:00:03.685524
epoch 0.01 elapsed time 0:00:00.320889
epoch 0.02 elapsed time 0:00:00.316485
epoch 0.03 elapsed time 0:00:00.320463
epoch 0.04 elapsed time 0:00:00.320156
epoch 0.05 elapsed time 0:00:00.317707
epoch 0.06 elapsed time 0:00:00.315860
epoch 0.07 elapsed time 0:00:00.315649
epoch 0.08 elapsed time 0:00:00.321346
epoch 0.09 elapsed time 0:00:00.320182
epoch 0.1 elapsed time 0:00:00.317031
epoch 0.11 elapsed time 0:00:00.319125
epoch 0.12 elapsed time 0:00:00.315534
epoch 0.13 elapsed time 0:00:00.317327
epoch 0.14 elapsed time 0:00:00.321634
epoch 0.15 elapsed time 0:00:00.318905
epoch 0.16 elapsed time 0:00:00.334458
epoch 0.17 elapsed time 0:00:00.316952
epoch 0.18 elapsed time 0:00:00.315697
epoch 0.19 elapsed time 0:00:00.316641
epoch 0.2 elapsed time 0:00:00.317891
epoch 0.21 elapsed time 0:00:00.320590
epoch 0.22 elapsed time 0:00:00.318654
epoch 0.23 elapsed time 0:00:00.319721
epoch 0.24 elapsed time 0:00:00.324520
epoch 0.25 elapsed time 0:00:00.321719
epoch 0.26 elapsed time 0:00:00.320901
epoch 0.27 elapsed time 0:00:00.328812
epoch 0.28 elapsed time 0:00:00.316516
epoch 0.29 elapsed time 0:00:00.317994
epoch 0.3 elapsed time 0:00:00.321299
epoch 0.31 elapsed time 0:00:00.318538
epoch 0.32 elapsed time 0:00:00.318667
epoch 0.33 elapsed time 0:00:00.314005
epoch 0.34 elapsed time 0:00:00.318023
epoch 0.35 elapsed time 0:00:00.319878
epoch 0.36 elapsed time 0:00:00.317351
epoch 0.37 elapsed time 0:00:00.320282
epoch 0.38 elapsed time 0:00:00.313152
epoch 0.39 elapsed time 0:00:00.314927
epoch 0.4 elapsed time 0:00:00.317097
epoch 0.41 elapsed time 0:00:00.312624
epoch 0.42 elapsed time 0:00:00.316759
epoch 0.43 elapsed time 0:00:00.316930
epoch 0.44 elapsed time 0:00:00.325184
epoch 0.45 elapsed time 0:00:00.325049
epoch 0.46 elapsed time 0:00:00.326408
epoch 0.47 elapsed time 0:00:00.324136
epoch 0.48 elapsed time 0:00:00.323668
epoch 0.49 elapsed time 0:00:00.328128
epoch 0.5 elapsed time 0:00:00.323126
epoch 0.51 elapsed time 0:00:00.321541
epoch 0.52 elapsed time 0:00:00.323713
epoch 0.53 elapsed time 0:00:00.323173
epoch 0.54 elapsed time 0:00:00.330499
epoch 0.55 elapsed time 0:00:00.324601
epoch 0.56 elapsed time 0:00:00.327700
epoch 0.57 elapsed time 0:00:00.328114
epoch 0.58 elapsed time 0:00:00.327181
epoch 0.59 elapsed time 0:00:00.325102
epoch 0.6 elapsed time 0:00:00.326271
epoch 0.61 elapsed time 0:00:00.324253
epoch 0.62 elapsed time 0:00:00.328343
epoch 0.63 elapsed time 0:00:00.323350
epoch 0.64 elapsed time 0:00:00.322871
epoch 0.65 elapsed time 0:00:00.323363
epoch 0.66 elapsed time 0:00:00.327859
epoch 0.67 elapsed time 0:00:00.327860
epoch 0.68 elapsed time 0:00:00.323111
epoch 0.69 elapsed time 0:00:00.329662
epoch 0.7 elapsed time 0:00:00.319882
epoch 0.71 elapsed time 0:00:00.316442
epoch 0.72 elapsed time 0:00:00.319885
epoch 0.73 elapsed time 0:00:00.319538
epoch 0.74 elapsed time 0:00:00.318713
epoch 0.75 elapsed time 0:00:00.317806
epoch 0.76 elapsed time 0:00:00.319323
epoch 0.77 elapsed time 0:00:00.316571
epoch 0.78 elapsed time 0:00:00.319233
epoch 0.79 elapsed time 0:00:00.322099
epoch 0.8 elapsed time 0:00:00.320830
epoch 0.81 elapsed time 0:00:00.319170
epoch 0.82 elapsed time 0:00:00.315634
epoch 0.83 elapsed time 0:00:00.315969
epoch 0.84 elapsed time 0:00:00.317394
epoch 0.85 elapsed time 0:00:00.314559
epoch 0.86 elapsed time 0:00:00.318492
epoch 0.87 elapsed time 0:00:00.316902
epoch 0.88 elapsed time 0:00:00.316187
epoch 0.89 elapsed time 0:00:00.316177
epoch 0.9 elapsed time 0:00:00.316379
epoch 0.91 elapsed time 0:00:00.310792
epoch 0.92 elapsed time 0:00:00.318406
epoch 0.93 elapsed time 0:00:00.318177
epoch 0.94 elapsed time 0:00:00.319364
epoch 0.95 elapsed time 0:00:00.320762
epoch 0.96 elapsed time 0:00:00.322096
epoch 0.97 elapsed time 0:00:00.320445
epoch 0.98 elapsed time 0:00:00.322375
epoch 0.99 elapsed time 0:00:00.321901
saving to savedmodels/LSTMseq2_05-05-12.19.02.762116/model-trained-05-05-12.27.05.399924
1 0:18:42.016734


GPU profiling 

gpu_serial, gpu_utilization [%], mem_utilization [%], max_memory_usage [MiB]
