

 training CSW nets 

/usr/licensed/anaconda3/4.4.0/lib/python3.6/site-packages/h5py/__init__.py:34: FutureWarning: Conversion of the second argument of issubdtype from `float` to `np.floating` is deprecated. In future, it will be treated as `np.float64 == np.dtype(float).type`.
  from ._conv import register_converters as _register_converters
2018-05-05 12:18:55.685041: I tensorflow/core/platform/cpu_feature_guard.cc:140] Your CPU supports instructions that this TensorFlow binary was not compiled to use: AVX2 FMA
saving to savedmodels/RNNseq2_05-05-12.18.55.674671/model-initial-05-05-12.18.55.674705
saving to savedmodels/LSTMseq2_05-05-12.18.59.565688/model-initial-05-05-12.18.59.565732

 RAND False COND True {'batch_size': 25, 'num_epochs': 50000, 'loss_op': <function mean_squared_error at 0x2b5734f48378>} 

epoch 0.0 elapsed time 0:00:00.863083
epoch 0.01 elapsed time 0:00:00.148112
epoch 0.02 elapsed time 0:00:00.150417
epoch 0.03 elapsed time 0:00:00.151049
epoch 0.04 elapsed time 0:00:00.149427
epoch 0.05 elapsed time 0:00:00.149353
epoch 0.06 elapsed time 0:00:00.149401
epoch 0.07 elapsed time 0:00:00.149463
epoch 0.08 elapsed time 0:00:00.152667
epoch 0.09 elapsed time 0:00:00.147229
epoch 0.1 elapsed time 0:00:00.149421
epoch 0.11 elapsed time 0:00:00.150411
epoch 0.12 elapsed time 0:00:00.148177
epoch 0.13 elapsed time 0:00:00.148564
epoch 0.14 elapsed time 0:00:00.149313
epoch 0.15 elapsed time 0:00:00.150562
epoch 0.16 elapsed time 0:00:00.148099
epoch 0.17 elapsed time 0:00:00.152559
epoch 0.18 elapsed time 0:00:00.149134
epoch 0.19 elapsed time 0:00:00.148814
epoch 0.2 elapsed time 0:00:00.150537
epoch 0.21 elapsed time 0:00:00.150338
epoch 0.22 elapsed time 0:00:00.149552
epoch 0.23 elapsed time 0:00:00.148200
epoch 0.24 elapsed time 0:00:00.148297
epoch 0.25 elapsed time 0:00:00.150312
epoch 0.26 elapsed time 0:00:00.149906
epoch 0.27 elapsed time 0:00:00.149224
epoch 0.28 elapsed time 0:00:00.149224
epoch 0.29 elapsed time 0:00:00.149689
epoch 0.3 elapsed time 0:00:00.149091
epoch 0.31 elapsed time 0:00:00.149163
epoch 0.32 elapsed time 0:00:00.149317
epoch 0.33 elapsed time 0:00:00.149083
epoch 0.34 elapsed time 0:00:00.147751
epoch 0.35 elapsed time 0:00:00.149648
epoch 0.36 elapsed time 0:00:00.147810
epoch 0.37 elapsed time 0:00:00.149190
epoch 0.38 elapsed time 0:00:00.146507
epoch 0.39 elapsed time 0:00:00.146214
epoch 0.4 elapsed time 0:00:00.149236
epoch 0.41 elapsed time 0:00:00.150097
epoch 0.42 elapsed time 0:00:00.150337
epoch 0.43 elapsed time 0:00:00.149022
epoch 0.44 elapsed time 0:00:00.147680
epoch 0.45 elapsed time 0:00:00.149538
epoch 0.46 elapsed time 0:00:00.148295
epoch 0.47 elapsed time 0:00:00.147170
epoch 0.48 elapsed time 0:00:00.147507
epoch 0.49 elapsed time 0:00:00.148856
epoch 0.5 elapsed time 0:00:00.147471
epoch 0.51 elapsed time 0:00:00.147698
epoch 0.52 elapsed time 0:00:00.150434
epoch 0.53 elapsed time 0:00:00.149593
epoch 0.54 elapsed time 0:00:00.149511
epoch 0.55 elapsed time 0:00:00.148838
epoch 0.56 elapsed time 0:00:00.150035
epoch 0.57 elapsed time 0:00:00.149115
epoch 0.58 elapsed time 0:00:00.148699
epoch 0.59 elapsed time 0:00:00.148864
epoch 0.6 elapsed time 0:00:00.149721
epoch 0.61 elapsed time 0:00:00.146903
epoch 0.62 elapsed time 0:00:00.151525
epoch 0.63 elapsed time 0:00:00.150514
epoch 0.64 elapsed time 0:00:00.148367
epoch 0.65 elapsed time 0:00:00.149661
epoch 0.66 elapsed time 0:00:00.148317
epoch 0.67 elapsed time 0:00:00.149285
epoch 0.68 elapsed time 0:00:00.148166
epoch 0.69 elapsed time 0:00:00.149425
epoch 0.7 elapsed time 0:00:00.151126
epoch 0.71 elapsed time 0:00:00.149196
epoch 0.72 elapsed time 0:00:00.149671
epoch 0.73 elapsed time 0:00:00.150103
epoch 0.74 elapsed time 0:00:00.149170
epoch 0.75 elapsed time 0:00:00.148463
epoch 0.76 elapsed time 0:00:00.149046
epoch 0.77 elapsed time 0:00:00.149443
epoch 0.78 elapsed time 0:00:00.148597
epoch 0.79 elapsed time 0:00:00.147908
epoch 0.8 elapsed time 0:00:00.149387
epoch 0.81 elapsed time 0:00:00.149302
epoch 0.82 elapsed time 0:00:00.148588
epoch 0.83 elapsed time 0:00:00.148563
epoch 0.84 elapsed time 0:00:00.149848
epoch 0.85 elapsed time 0:00:00.149266
epoch 0.86 elapsed time 0:00:00.149167
epoch 0.87 elapsed time 0:00:00.148791
epoch 0.88 elapsed time 0:00:00.147471
epoch 0.89 elapsed time 0:00:00.148404
epoch 0.9 elapsed time 0:00:00.149044
epoch 0.91 elapsed time 0:00:00.150114
epoch 0.92 elapsed time 0:00:00.149763
epoch 0.93 elapsed time 0:00:00.148966
epoch 0.94 elapsed time 0:00:00.148933
epoch 0.95 elapsed time 0:00:00.147821
epoch 0.96 elapsed time 0:00:00.148765
epoch 0.97 elapsed time 0:00:00.147608
epoch 0.98 elapsed time 0:00:00.147549
epoch 0.99 elapsed time 0:00:00.149371
saving to savedmodels/RNNseq2_05-05-12.18.55.674671/model-trained-05-05-12.19.01.848352
1 0:07:10.214262
epoch 0.0 elapsed time 0:00:04.635627
epoch 0.01 elapsed time 0:00:00.255195
epoch 0.02 elapsed time 0:00:00.255801
epoch 0.03 elapsed time 0:00:00.255324
epoch 0.04 elapsed time 0:00:00.255608
epoch 0.05 elapsed time 0:00:00.256342
epoch 0.06 elapsed time 0:00:00.256804
epoch 0.07 elapsed time 0:00:00.256684
epoch 0.08 elapsed time 0:00:00.256662
epoch 0.09 elapsed time 0:00:00.260591
epoch 0.1 elapsed time 0:00:00.257920
epoch 0.11 elapsed time 0:00:00.257066
epoch 0.12 elapsed time 0:00:00.257881
epoch 0.13 elapsed time 0:00:00.257203
epoch 0.14 elapsed time 0:00:00.255235
epoch 0.15 elapsed time 0:00:00.254486
epoch 0.16 elapsed time 0:00:00.255316
epoch 0.17 elapsed time 0:00:00.256342
epoch 0.18 elapsed time 0:00:00.255837
epoch 0.19 elapsed time 0:00:00.256180
epoch 0.2 elapsed time 0:00:00.257074
epoch 0.21 elapsed time 0:00:00.261722
epoch 0.22 elapsed time 0:00:00.255423
epoch 0.23 elapsed time 0:00:00.255126
epoch 0.24 elapsed time 0:00:00.258775
epoch 0.25 elapsed time 0:00:00.259068
epoch 0.26 elapsed time 0:00:00.256532
epoch 0.27 elapsed time 0:00:00.258390
epoch 0.28 elapsed time 0:00:00.261564
epoch 0.29 elapsed time 0:00:00.258652
epoch 0.3 elapsed time 0:00:00.258773
epoch 0.31 elapsed time 0:00:00.258053
epoch 0.32 elapsed time 0:00:00.256752
epoch 0.33 elapsed time 0:00:00.254833
epoch 0.34 elapsed time 0:00:00.256368
epoch 0.35 elapsed time 0:00:00.255919
epoch 0.36 elapsed time 0:00:00.260665
epoch 0.37 elapsed time 0:00:00.255995
epoch 0.38 elapsed time 0:00:00.258051
epoch 0.39 elapsed time 0:00:00.259062
epoch 0.4 elapsed time 0:00:00.256819
epoch 0.41 elapsed time 0:00:00.257878
epoch 0.42 elapsed time 0:00:00.256676
epoch 0.43 elapsed time 0:00:00.255126
epoch 0.44 elapsed time 0:00:00.256223
epoch 0.45 elapsed time 0:00:00.254823
epoch 0.46 elapsed time 0:00:00.255304
epoch 0.47 elapsed time 0:00:00.259002
epoch 0.48 elapsed time 0:00:00.257784
epoch 0.49 elapsed time 0:00:00.260609
epoch 0.5 elapsed time 0:00:00.261378
epoch 0.51 elapsed time 0:00:00.255027
epoch 0.52 elapsed time 0:00:00.260519
epoch 0.53 elapsed time 0:00:00.258116
epoch 0.54 elapsed time 0:00:00.257734
epoch 0.55 elapsed time 0:00:00.254373
epoch 0.56 elapsed time 0:00:00.258775
epoch 0.57 elapsed time 0:00:00.258493
epoch 0.58 elapsed time 0:00:00.253387
epoch 0.59 elapsed time 0:00:00.258519
epoch 0.6 elapsed time 0:00:00.255953
epoch 0.61 elapsed time 0:00:00.258703
epoch 0.62 elapsed time 0:00:00.256556
epoch 0.63 elapsed time 0:00:00.258466
epoch 0.64 elapsed time 0:00:00.255265
epoch 0.65 elapsed time 0:00:00.255110
epoch 0.66 elapsed time 0:00:00.254102
epoch 0.67 elapsed time 0:00:00.252259
epoch 0.68 elapsed time 0:00:00.252198
epoch 0.69 elapsed time 0:00:00.252410
epoch 0.7 elapsed time 0:00:00.256123
epoch 0.71 elapsed time 0:00:00.252637
epoch 0.72 elapsed time 0:00:00.255456
epoch 0.73 elapsed time 0:00:00.255167
epoch 0.74 elapsed time 0:00:00.253890
epoch 0.75 elapsed time 0:00:00.256535
epoch 0.76 elapsed time 0:00:00.252756
epoch 0.77 elapsed time 0:00:00.249422
epoch 0.78 elapsed time 0:00:00.256499
epoch 0.79 elapsed time 0:00:00.251002
epoch 0.8 elapsed time 0:00:00.252485
epoch 0.81 elapsed time 0:00:00.249341
epoch 0.82 elapsed time 0:00:00.248707
epoch 0.83 elapsed time 0:00:00.249926
epoch 0.84 elapsed time 0:00:00.250583
epoch 0.85 elapsed time 0:00:00.249681
epoch 0.86 elapsed time 0:00:00.257239
epoch 0.87 elapsed time 0:00:00.250858
epoch 0.88 elapsed time 0:00:00.247510
epoch 0.89 elapsed time 0:00:00.253373
epoch 0.9 elapsed time 0:00:00.252591
epoch 0.91 elapsed time 0:00:00.250162
epoch 0.92 elapsed time 0:00:00.251570
epoch 0.93 elapsed time 0:00:00.250588
epoch 0.94 elapsed time 0:00:00.250711
epoch 0.95 elapsed time 0:00:00.253711
epoch 0.96 elapsed time 0:00:00.253132
epoch 0.97 elapsed time 0:00:00.253636
epoch 0.98 elapsed time 0:00:00.250463
epoch 0.99 elapsed time 0:00:00.251314
saving to savedmodels/LSTMseq2_05-05-12.18.59.565688/model-trained-05-05-12.26.12.081795
1 0:14:25.671749


GPU profiling 

gpu_serial, gpu_utilization [%], mem_utilization [%], max_memory_usage [MiB]
