

 training CSW nets 

/usr/licensed/anaconda3/4.4.0/lib/python3.6/site-packages/h5py/__init__.py:34: FutureWarning: Conversion of the second argument of issubdtype from `float` to `np.floating` is deprecated. In future, it will be treated as `np.float64 == np.dtype(float).type`.
  from ._conv import register_converters as _register_converters
2018-05-05 12:18:55.182334: I tensorflow/core/platform/cpu_feature_guard.cc:140] Your CPU supports instructions that this TensorFlow binary was not compiled to use: AVX2 FMA
saving to savedmodels/RNNseq2_05-05-12.18.55.173813/model-initial-05-05-12.18.55.173844
saving to savedmodels/LSTMseq2_05-05-12.18.58.477959/model-initial-05-05-12.18.58.477989

 RAND False COND True {'batch_size': 25, 'num_epochs': 50000, 'loss_op': <function mean_squared_error at 0x2abd15f04378>} 

epoch 0.0 elapsed time 0:00:00.759966
epoch 0.01 elapsed time 0:00:00.157072
epoch 0.02 elapsed time 0:00:00.164216
epoch 0.03 elapsed time 0:00:00.160334
epoch 0.04 elapsed time 0:00:00.159327
epoch 0.05 elapsed time 0:00:00.163156
epoch 0.06 elapsed time 0:00:00.157850
epoch 0.07 elapsed time 0:00:00.159352
epoch 0.08 elapsed time 0:00:00.165954
epoch 0.09 elapsed time 0:00:00.158833
epoch 0.1 elapsed time 0:00:00.155262
epoch 0.11 elapsed time 0:00:00.159132
epoch 0.12 elapsed time 0:00:00.157739
epoch 0.13 elapsed time 0:00:00.158109
epoch 0.14 elapsed time 0:00:00.161522
epoch 0.15 elapsed time 0:00:00.157425
epoch 0.16 elapsed time 0:00:00.157505
epoch 0.17 elapsed time 0:00:00.162855
epoch 0.18 elapsed time 0:00:00.156439
epoch 0.19 elapsed time 0:00:00.157347
epoch 0.2 elapsed time 0:00:00.160041
epoch 0.21 elapsed time 0:00:00.156277
epoch 0.22 elapsed time 0:00:00.158662
epoch 0.23 elapsed time 0:00:00.158617
epoch 0.24 elapsed time 0:00:00.157427
epoch 0.25 elapsed time 0:00:00.159949
epoch 0.26 elapsed time 0:00:00.156714
epoch 0.27 elapsed time 0:00:00.157854
epoch 0.28 elapsed time 0:00:00.160282
epoch 0.29 elapsed time 0:00:00.157559
epoch 0.3 elapsed time 0:00:00.159973
epoch 0.31 elapsed time 0:00:00.155406
epoch 0.32 elapsed time 0:00:00.157676
epoch 0.33 elapsed time 0:00:00.162814
epoch 0.34 elapsed time 0:00:00.162951
epoch 0.35 elapsed time 0:00:00.161264
epoch 0.36 elapsed time 0:00:00.158173
epoch 0.37 elapsed time 0:00:00.158278
epoch 0.38 elapsed time 0:00:00.164775
epoch 0.39 elapsed time 0:00:00.159683
epoch 0.4 elapsed time 0:00:00.158059
epoch 0.41 elapsed time 0:00:00.161407
epoch 0.42 elapsed time 0:00:00.156256
epoch 0.43 elapsed time 0:00:00.159894
epoch 0.44 elapsed time 0:00:00.159263
epoch 0.45 elapsed time 0:00:00.158488
epoch 0.46 elapsed time 0:00:00.159047
epoch 0.47 elapsed time 0:00:00.160486
epoch 0.48 elapsed time 0:00:00.163823
epoch 0.49 elapsed time 0:00:00.163610
epoch 0.5 elapsed time 0:00:00.158602
epoch 0.51 elapsed time 0:00:00.159209
epoch 0.52 elapsed time 0:00:00.165344
epoch 0.53 elapsed time 0:00:00.161975
epoch 0.54 elapsed time 0:00:00.160650
epoch 0.55 elapsed time 0:00:00.159602
epoch 0.56 elapsed time 0:00:00.159261
epoch 0.57 elapsed time 0:00:00.160980
epoch 0.58 elapsed time 0:00:00.152865
epoch 0.59 elapsed time 0:00:00.163305
epoch 0.6 elapsed time 0:00:00.171426
epoch 0.61 elapsed time 0:00:00.163352
epoch 0.62 elapsed time 0:00:00.161591
epoch 0.63 elapsed time 0:00:00.163724
epoch 0.64 elapsed time 0:00:00.158311
epoch 0.65 elapsed time 0:00:00.159754
epoch 0.66 elapsed time 0:00:00.161854
epoch 0.67 elapsed time 0:00:00.157451
epoch 0.68 elapsed time 0:00:00.159762
epoch 0.69 elapsed time 0:00:00.160718
epoch 0.7 elapsed time 0:00:00.156564
epoch 0.71 elapsed time 0:00:00.158894
epoch 0.72 elapsed time 0:00:00.158047
epoch 0.73 elapsed time 0:00:00.162773
epoch 0.74 elapsed time 0:00:00.162278
epoch 0.75 elapsed time 0:00:00.161592
epoch 0.76 elapsed time 0:00:00.157333
epoch 0.77 elapsed time 0:00:00.158410
epoch 0.78 elapsed time 0:00:00.164043
epoch 0.79 elapsed time 0:00:00.158258
epoch 0.8 elapsed time 0:00:00.159227
epoch 0.81 elapsed time 0:00:00.160161
epoch 0.82 elapsed time 0:00:00.156316
epoch 0.83 elapsed time 0:00:00.163266
epoch 0.84 elapsed time 0:00:00.157123
epoch 0.85 elapsed time 0:00:00.164794
epoch 0.86 elapsed time 0:00:00.156843
epoch 0.87 elapsed time 0:00:00.158130
epoch 0.88 elapsed time 0:00:00.160617
epoch 0.89 elapsed time 0:00:00.159527
epoch 0.9 elapsed time 0:00:00.161556
epoch 0.91 elapsed time 0:00:00.152897
epoch 0.92 elapsed time 0:00:00.164566
epoch 0.93 elapsed time 0:00:00.162110
epoch 0.94 elapsed time 0:00:00.163182
epoch 0.95 elapsed time 0:00:00.163180
epoch 0.96 elapsed time 0:00:00.163805
epoch 0.97 elapsed time 0:00:00.161517
epoch 0.98 elapsed time 0:00:00.159881
epoch 0.99 elapsed time 0:00:00.157494
saving to savedmodels/RNNseq2_05-05-12.18.55.173813/model-trained-05-05-12.18.59.546482
1 0:08:01.489112
epoch 0.0 elapsed time 0:00:03.667863
epoch 0.01 elapsed time 0:00:00.319086
epoch 0.02 elapsed time 0:00:00.314464
epoch 0.03 elapsed time 0:00:00.312980
epoch 0.04 elapsed time 0:00:00.316063
epoch 0.05 elapsed time 0:00:00.318945
epoch 0.06 elapsed time 0:00:00.315974
epoch 0.07 elapsed time 0:00:00.315828
epoch 0.08 elapsed time 0:00:00.316580
epoch 0.09 elapsed time 0:00:00.315992
epoch 0.1 elapsed time 0:00:00.321194
epoch 0.11 elapsed time 0:00:00.319621
epoch 0.12 elapsed time 0:00:00.323227
epoch 0.13 elapsed time 0:00:00.315391
epoch 0.14 elapsed time 0:00:00.315596
epoch 0.15 elapsed time 0:00:00.306612
epoch 0.16 elapsed time 0:00:00.323918
epoch 0.17 elapsed time 0:00:00.320716
epoch 0.18 elapsed time 0:00:00.317624
epoch 0.19 elapsed time 0:00:00.322228
epoch 0.2 elapsed time 0:00:00.314839
epoch 0.21 elapsed time 0:00:00.317590
epoch 0.22 elapsed time 0:00:00.321191
epoch 0.23 elapsed time 0:00:00.316711
epoch 0.24 elapsed time 0:00:00.317562
epoch 0.25 elapsed time 0:00:00.315914
epoch 0.26 elapsed time 0:00:00.314538
epoch 0.27 elapsed time 0:00:00.312791
epoch 0.28 elapsed time 0:00:00.315016
epoch 0.29 elapsed time 0:00:00.314796
epoch 0.3 elapsed time 0:00:00.319406
epoch 0.31 elapsed time 0:00:00.317318
epoch 0.32 elapsed time 0:00:00.318029
epoch 0.33 elapsed time 0:00:00.315605
epoch 0.34 elapsed time 0:00:00.317556
epoch 0.35 elapsed time 0:00:00.317856
epoch 0.36 elapsed time 0:00:00.319239
epoch 0.37 elapsed time 0:00:00.314787
epoch 0.38 elapsed time 0:00:00.324559
epoch 0.39 elapsed time 0:00:00.320015
epoch 0.4 elapsed time 0:00:00.314177
epoch 0.41 elapsed time 0:00:00.315655
epoch 0.42 elapsed time 0:00:00.320064
epoch 0.43 elapsed time 0:00:00.317021
epoch 0.44 elapsed time 0:00:00.315990
epoch 0.45 elapsed time 0:00:00.320841
epoch 0.46 elapsed time 0:00:00.316387
epoch 0.47 elapsed time 0:00:00.325806
epoch 0.48 elapsed time 0:00:00.323002
epoch 0.49 elapsed time 0:00:00.318018
epoch 0.5 elapsed time 0:00:00.316825
epoch 0.51 elapsed time 0:00:00.315841
epoch 0.52 elapsed time 0:00:00.314274
epoch 0.53 elapsed time 0:00:00.318119
epoch 0.54 elapsed time 0:00:00.317129
epoch 0.55 elapsed time 0:00:00.317439
epoch 0.56 elapsed time 0:00:00.317704
epoch 0.57 elapsed time 0:00:00.316993
epoch 0.58 elapsed time 0:00:00.315169
epoch 0.59 elapsed time 0:00:00.316904
epoch 0.6 elapsed time 0:00:00.315015
epoch 0.61 elapsed time 0:00:00.320295
epoch 0.62 elapsed time 0:00:00.316223
epoch 0.63 elapsed time 0:00:00.312559
epoch 0.64 elapsed time 0:00:00.323162
epoch 0.65 elapsed time 0:00:00.317238
epoch 0.66 elapsed time 0:00:00.317026
epoch 0.67 elapsed time 0:00:00.315779
epoch 0.68 elapsed time 0:00:00.317110
epoch 0.69 elapsed time 0:00:00.318702
epoch 0.7 elapsed time 0:00:00.313409
epoch 0.71 elapsed time 0:00:00.317166
epoch 0.72 elapsed time 0:00:00.318431
epoch 0.73 elapsed time 0:00:00.311665
epoch 0.74 elapsed time 0:00:00.311548
epoch 0.75 elapsed time 0:00:00.315027
epoch 0.76 elapsed time 0:00:00.312255
epoch 0.77 elapsed time 0:00:00.321268
epoch 0.78 elapsed time 0:00:00.312478
epoch 0.79 elapsed time 0:00:00.309876
epoch 0.8 elapsed time 0:00:00.308415
epoch 0.81 elapsed time 0:00:00.308660
epoch 0.82 elapsed time 0:00:00.311407
epoch 0.83 elapsed time 0:00:00.309425
epoch 0.84 elapsed time 0:00:00.310030
epoch 0.85 elapsed time 0:00:00.308650
epoch 0.86 elapsed time 0:00:00.307014
epoch 0.87 elapsed time 0:00:00.308778
epoch 0.88 elapsed time 0:00:00.304600
epoch 0.89 elapsed time 0:00:00.307584
epoch 0.9 elapsed time 0:00:00.307548
epoch 0.91 elapsed time 0:00:00.313230
epoch 0.92 elapsed time 0:00:00.307089
epoch 0.93 elapsed time 0:00:00.311748
epoch 0.94 elapsed time 0:00:00.313756
epoch 0.95 elapsed time 0:00:00.317499
epoch 0.96 elapsed time 0:00:00.313891
epoch 0.97 elapsed time 0:00:00.308812
epoch 0.98 elapsed time 0:00:00.312794
epoch 0.99 elapsed time 0:00:00.314152
saving to savedmodels/LSTMseq2_05-05-12.18.58.477959/model-trained-05-05-12.27.01.053420
1 0:18:24.758851


GPU profiling 

gpu_serial, gpu_utilization [%], mem_utilization [%], max_memory_usage [MiB]
