

 training CSW nets 

/usr/licensed/anaconda3/4.4.0/lib/python3.6/site-packages/h5py/__init__.py:34: FutureWarning: Conversion of the second argument of issubdtype from `float` to `np.floating` is deprecated. In future, it will be treated as `np.float64 == np.dtype(float).type`.
  from ._conv import register_converters as _register_converters
2018-05-05 12:18:55.475710: I tensorflow/core/platform/cpu_feature_guard.cc:140] Your CPU supports instructions that this TensorFlow binary was not compiled to use: AVX2 FMA
saving to savedmodels/RNNseq2_05-05-12.18.55.466510/model-initial-05-05-12.18.55.466541
saving to savedmodels/LSTMseq2_05-05-12.18.58.976524/model-initial-05-05-12.18.58.976555

 RAND False COND True {'batch_size': 25, 'num_epochs': 50000, 'loss_op': <function mean_squared_error at 0x2aac97a42378>} 

epoch 0.0 elapsed time 0:00:00.763901
epoch 0.01 elapsed time 0:00:00.154303
epoch 0.02 elapsed time 0:00:00.148422
epoch 0.03 elapsed time 0:00:00.153106
epoch 0.04 elapsed time 0:00:00.154376
epoch 0.05 elapsed time 0:00:00.151405
epoch 0.06 elapsed time 0:00:00.155276
epoch 0.07 elapsed time 0:00:00.153397
epoch 0.08 elapsed time 0:00:00.147705
epoch 0.09 elapsed time 0:00:00.151988
epoch 0.1 elapsed time 0:00:00.153943
epoch 0.11 elapsed time 0:00:00.149579
epoch 0.12 elapsed time 0:00:00.153288
epoch 0.13 elapsed time 0:00:00.152645
epoch 0.14 elapsed time 0:00:00.152740
epoch 0.15 elapsed time 0:00:00.152851
epoch 0.16 elapsed time 0:00:00.154598
epoch 0.17 elapsed time 0:00:00.153254
epoch 0.18 elapsed time 0:00:00.154327
epoch 0.19 elapsed time 0:00:00.151121
epoch 0.2 elapsed time 0:00:00.152051
epoch 0.21 elapsed time 0:00:00.153212
epoch 0.22 elapsed time 0:00:00.151487
epoch 0.23 elapsed time 0:00:00.153285
epoch 0.24 elapsed time 0:00:00.149368
epoch 0.25 elapsed time 0:00:00.152528
epoch 0.26 elapsed time 0:00:00.153867
epoch 0.27 elapsed time 0:00:00.153659
epoch 0.28 elapsed time 0:00:00.151526
epoch 0.29 elapsed time 0:00:00.153273
epoch 0.3 elapsed time 0:00:00.147882
epoch 0.31 elapsed time 0:00:00.154210
epoch 0.32 elapsed time 0:00:00.151906
epoch 0.33 elapsed time 0:00:00.152519
epoch 0.34 elapsed time 0:00:00.154314
epoch 0.35 elapsed time 0:00:00.152899
epoch 0.36 elapsed time 0:00:00.151643
epoch 0.37 elapsed time 0:00:00.149241
epoch 0.38 elapsed time 0:00:00.153304
epoch 0.39 elapsed time 0:00:00.153188
epoch 0.4 elapsed time 0:00:00.153966
epoch 0.41 elapsed time 0:00:00.152162
epoch 0.42 elapsed time 0:00:00.151349
epoch 0.43 elapsed time 0:00:00.148155
epoch 0.44 elapsed time 0:00:00.152686
epoch 0.45 elapsed time 0:00:00.153980
epoch 0.46 elapsed time 0:00:00.151600
epoch 0.47 elapsed time 0:00:00.151912
epoch 0.48 elapsed time 0:00:00.153524
epoch 0.49 elapsed time 0:00:00.153466
epoch 0.5 elapsed time 0:00:00.153576
epoch 0.51 elapsed time 0:00:00.148414
epoch 0.52 elapsed time 0:00:00.156720
epoch 0.53 elapsed time 0:00:00.152681
epoch 0.54 elapsed time 0:00:00.155340
epoch 0.55 elapsed time 0:00:00.151925
epoch 0.56 elapsed time 0:00:00.150934
epoch 0.57 elapsed time 0:00:00.153301
epoch 0.58 elapsed time 0:00:00.152185
epoch 0.59 elapsed time 0:00:00.152366
epoch 0.6 elapsed time 0:00:00.153491
epoch 0.61 elapsed time 0:00:00.152939
epoch 0.62 elapsed time 0:00:00.157103
epoch 0.63 elapsed time 0:00:00.150408
epoch 0.64 elapsed time 0:00:00.147890
epoch 0.65 elapsed time 0:00:00.153824
epoch 0.66 elapsed time 0:00:00.152495
epoch 0.67 elapsed time 0:00:00.150225
epoch 0.68 elapsed time 0:00:00.152555
epoch 0.69 elapsed time 0:00:00.154046
epoch 0.7 elapsed time 0:00:00.155190
epoch 0.71 elapsed time 0:00:00.148492
epoch 0.72 elapsed time 0:00:00.153300
epoch 0.73 elapsed time 0:00:00.151382
epoch 0.74 elapsed time 0:00:00.152203
epoch 0.75 elapsed time 0:00:00.153296
epoch 0.76 elapsed time 0:00:00.152361
epoch 0.77 elapsed time 0:00:00.149518
epoch 0.78 elapsed time 0:00:00.148869
epoch 0.79 elapsed time 0:00:00.153570
epoch 0.8 elapsed time 0:00:00.150250
epoch 0.81 elapsed time 0:00:00.153148
epoch 0.82 elapsed time 0:00:00.153317
epoch 0.83 elapsed time 0:00:00.152119
epoch 0.84 elapsed time 0:00:00.151537
epoch 0.85 elapsed time 0:00:00.148684
epoch 0.86 elapsed time 0:00:00.153402
epoch 0.87 elapsed time 0:00:00.154159
epoch 0.88 elapsed time 0:00:00.151230
epoch 0.89 elapsed time 0:00:00.146156
epoch 0.9 elapsed time 0:00:00.154515
epoch 0.91 elapsed time 0:00:00.154427
epoch 0.92 elapsed time 0:00:00.154650
epoch 0.93 elapsed time 0:00:00.149762
epoch 0.94 elapsed time 0:00:00.150550
epoch 0.95 elapsed time 0:00:00.152175
epoch 0.96 elapsed time 0:00:00.148201
epoch 0.97 elapsed time 0:00:00.150999
epoch 0.98 elapsed time 0:00:00.152800
epoch 0.99 elapsed time 0:00:00.152138
saving to savedmodels/RNNseq2_05-05-12.18.55.466510/model-trained-05-05-12.19.00.080413
1 0:07:30.385884
epoch 0.0 elapsed time 0:00:03.686450
epoch 0.01 elapsed time 0:00:00.289843
epoch 0.02 elapsed time 0:00:00.289651
epoch 0.03 elapsed time 0:00:00.286100
epoch 0.04 elapsed time 0:00:00.288145
epoch 0.05 elapsed time 0:00:00.287200
epoch 0.06 elapsed time 0:00:00.285473
epoch 0.07 elapsed time 0:00:00.261437
epoch 0.08 elapsed time 0:00:00.290693
epoch 0.09 elapsed time 0:00:00.289407
epoch 0.1 elapsed time 0:00:00.286721
epoch 0.11 elapsed time 0:00:00.287917
epoch 0.12 elapsed time 0:00:00.285976
epoch 0.13 elapsed time 0:00:00.286154
epoch 0.14 elapsed time 0:00:00.289218
epoch 0.15 elapsed time 0:00:00.287677
epoch 0.16 elapsed time 0:00:00.287124
epoch 0.17 elapsed time 0:00:00.288800
epoch 0.18 elapsed time 0:00:00.286177
epoch 0.19 elapsed time 0:00:00.288495
epoch 0.2 elapsed time 0:00:00.286747
epoch 0.21 elapsed time 0:00:00.286676
epoch 0.22 elapsed time 0:00:00.286566
epoch 0.23 elapsed time 0:00:00.289165
epoch 0.24 elapsed time 0:00:00.285019
epoch 0.25 elapsed time 0:00:00.289220
epoch 0.26 elapsed time 0:00:00.287875
epoch 0.27 elapsed time 0:00:00.288296
epoch 0.28 elapsed time 0:00:00.286679
epoch 0.29 elapsed time 0:00:00.287084
epoch 0.3 elapsed time 0:00:00.288284
epoch 0.31 elapsed time 0:00:00.286715
epoch 0.32 elapsed time 0:00:00.257273
epoch 0.33 elapsed time 0:00:00.286012
epoch 0.34 elapsed time 0:00:00.291037
epoch 0.35 elapsed time 0:00:00.286388
epoch 0.36 elapsed time 0:00:00.289337
epoch 0.37 elapsed time 0:00:00.277356
epoch 0.38 elapsed time 0:00:00.288072
epoch 0.39 elapsed time 0:00:00.285542
epoch 0.4 elapsed time 0:00:00.289914
epoch 0.41 elapsed time 0:00:00.286362
epoch 0.42 elapsed time 0:00:00.285805
epoch 0.43 elapsed time 0:00:00.288613
epoch 0.44 elapsed time 0:00:00.290778
epoch 0.45 elapsed time 0:00:00.288206
epoch 0.46 elapsed time 0:00:00.285514
epoch 0.47 elapsed time 0:00:00.284627
epoch 0.48 elapsed time 0:00:00.287458
epoch 0.49 elapsed time 0:00:00.284925
epoch 0.5 elapsed time 0:00:00.284003
epoch 0.51 elapsed time 0:00:00.288948
epoch 0.52 elapsed time 0:00:00.286598
epoch 0.53 elapsed time 0:00:00.284813
epoch 0.54 elapsed time 0:00:00.288857
epoch 0.55 elapsed time 0:00:00.287895
epoch 0.56 elapsed time 0:00:00.287245
epoch 0.57 elapsed time 0:00:00.278329
epoch 0.58 elapsed time 0:00:00.286757
epoch 0.59 elapsed time 0:00:00.285970
epoch 0.6 elapsed time 0:00:00.287569
epoch 0.61 elapsed time 0:00:00.288551
epoch 0.62 elapsed time 0:00:00.286577
epoch 0.63 elapsed time 0:00:00.287761
epoch 0.64 elapsed time 0:00:00.266575
epoch 0.65 elapsed time 0:00:00.286617
epoch 0.66 elapsed time 0:00:00.287023
epoch 0.67 elapsed time 0:00:00.291950
epoch 0.68 elapsed time 0:00:00.288102
epoch 0.69 elapsed time 0:00:00.293711
epoch 0.7 elapsed time 0:00:00.289275
epoch 0.71 elapsed time 0:00:00.287202
epoch 0.72 elapsed time 0:00:00.288526
epoch 0.73 elapsed time 0:00:00.289079
epoch 0.74 elapsed time 0:00:00.284764
epoch 0.75 elapsed time 0:00:00.287571
epoch 0.76 elapsed time 0:00:00.290257
epoch 0.77 elapsed time 0:00:00.289799
epoch 0.78 elapsed time 0:00:00.292826
epoch 0.79 elapsed time 0:00:00.279695
epoch 0.8 elapsed time 0:00:00.295230
epoch 0.81 elapsed time 0:00:00.299729
epoch 0.82 elapsed time 0:00:00.294459
epoch 0.83 elapsed time 0:00:00.285823
epoch 0.84 elapsed time 0:00:00.291627
epoch 0.85 elapsed time 0:00:00.291589
epoch 0.86 elapsed time 0:00:00.290386
epoch 0.87 elapsed time 0:00:00.286214
epoch 0.88 elapsed time 0:00:00.289781
epoch 0.89 elapsed time 0:00:00.290207
epoch 0.9 elapsed time 0:00:00.286999
epoch 0.91 elapsed time 0:00:00.289343
epoch 0.92 elapsed time 0:00:00.293406
epoch 0.93 elapsed time 0:00:00.289531
epoch 0.94 elapsed time 0:00:00.294043
epoch 0.95 elapsed time 0:00:00.288004
epoch 0.96 elapsed time 0:00:00.289938
epoch 0.97 elapsed time 0:00:00.286913
epoch 0.98 elapsed time 0:00:00.286636
epoch 0.99 elapsed time 0:00:00.289623
saving to savedmodels/LSTMseq2_05-05-12.18.58.976524/model-trained-05-05-12.26.30.482994
1 0:16:09.770869


GPU profiling 

gpu_serial, gpu_utilization [%], mem_utilization [%], max_memory_usage [MiB]
